[ 2016-02-17T16:58:50+08:00 ] ::1 /its/index.php/Home/Index/css/bootstrap.min.css
ERR: 非法操作:css

[ 2016-02-17T16:58:50+08:00 ] ::1 /its/index.php/Home/Index/js/main.js
ERR: 非法操作:js

[ 2016-02-17T16:58:50+08:00 ] ::1 /its/index.php/Home/Index/js/jquery.js
ERR: 非法操作:js

[ 2016-02-17T16:58:50+08:00 ] ::1 /its/index.php/Home/Index/css/carousel.css
ERR: 非法操作:css

[ 2016-02-17T16:58:50+08:00 ] ::1 /its/index.php/Home/Index/js/bootstrap.min.js
ERR: 非法操作:js

[ 2016-02-17T16:58:50+08:00 ] ::1 /its/index.php/Home/Index/js/jquery-1.12.0.min.js
ERR: 非法操作:js

[ 2016-02-17T16:59:06+08:00 ] ::1 /its/index.php/Home/Index/css/bootstrap.min.css
ERR: 非法操作:css

[ 2016-02-17T16:59:06+08:00 ] ::1 /its/index.php/Home/Index/js/jquery.js
ERR: 非法操作:js

[ 2016-02-17T16:59:06+08:00 ] ::1 /its/index.php/Home/Index/js/main.js
ERR: 非法操作:js

[ 2016-02-17T16:59:06+08:00 ] ::1 /its/index.php/Home/Index/js/jquery-1.12.0.min.js
ERR: 非法操作:js

[ 2016-02-17T16:59:06+08:00 ] ::1 /its/index.php/Home/Index/js/bootstrap.min.js
ERR: 非法操作:js

[ 2016-02-17T16:59:30+08:00 ] ::1 /its/index.php/Home/Index/js/jquery.js
ERR: 非法操作:js

[ 2016-02-17T16:59:30+08:00 ] ::1 /its/index.php/Home/Index/js/main.js
ERR: 非法操作:js

[ 2016-02-17T16:59:30+08:00 ] ::1 /its/index.php/Home/Index/js/bootstrap.min.js
ERR: 非法操作:js

[ 2016-02-17T16:59:30+08:00 ] ::1 /its/index.php/Home/Index/js/jquery-1.12.0.min.js
ERR: 非法操作:js

[ 2016-02-17T16:59:34+08:00 ] ::1 /its/index.php/Home/7.%E8%AF%AD%E9%9F%B3%E8%AF%AD%E8%B0%83%E9%80%89%E6%8B%A9%E8%AF%BE%E7%A8%8B/choose_course.html
ERR: 无法加载控制器:7.语音语调选择课程

[ 2016-02-17T17:13:30+08:00 ] ::1 /its/index.php/Home/4.movie%E4%B8%BB%E9%A1%B5/movie.html
ERR: 无法加载控制器:4.movie主页

[ 2016-02-17T21:43:21+08:00 ] ::1 /its/index.php/Home/Movie/css/bootstrap.min.css
ERR: 非法操作:css

[ 2016-02-17T21:43:21+08:00 ] ::1 /its/index.php/Home/Movie/css/movie.css
ERR: 非法操作:css

[ 2016-02-17T21:43:21+08:00 ] ::1 /its/index.php/Home/Movie/js/jquery-1.12.0.min.js
ERR: 非法操作:js

[ 2016-02-17T21:43:21+08:00 ] ::1 /its/index.php/Home/Movie/css/nav_style.css
ERR: 非法操作:css

[ 2016-02-17T21:43:21+08:00 ] ::1 /its/index.php/Home/Movie/js/bootstrap.min.js
ERR: 非法操作:js

[ 2016-02-17T21:43:21+08:00 ] ::1 /its/index.php/Home/Movie/js/jquery.js
ERR: 非法操作:js

[ 2016-02-17T21:43:21+08:00 ] ::1 /its/index.php/Home/Movie/js/main.js
ERR: 非法操作:js

[ 2016-02-17T21:44:44+08:00 ] ::1 /its/index.php/Home/Movie/js/jquery-1.12.0.min.js
ERR: 非法操作:js

[ 2016-02-17T21:44:44+08:00 ] ::1 /its/index.php/Home/Movie/js/bootstrap.min.js
ERR: 非法操作:js

[ 2016-02-17T21:44:44+08:00 ] ::1 /its/index.php/Home/Movie/js/jquery.js
ERR: 非法操作:js

[ 2016-02-17T21:44:44+08:00 ] ::1 /its/index.php/Home/Movie/js/main.js
ERR: 非法操作:js

[ 2016-02-17T21:44:48+08:00 ] ::1 /its/index.php/Home/Movie/js/jquery-1.12.0.min.js
ERR: 非法操作:js

[ 2016-02-17T21:44:48+08:00 ] ::1 /its/index.php/Home/Movie/js/jquery.js
ERR: 非法操作:js

[ 2016-02-17T21:44:48+08:00 ] ::1 /its/index.php/Home/Movie/js/main.js
ERR: 非法操作:js

[ 2016-02-17T21:44:48+08:00 ] ::1 /its/index.php/Home/Movie/js/bootstrap.min.js
ERR: 非法操作:js

[ 2016-02-17T22:15:07+08:00 ] ::1 /its/index.php/Home/Movie/js/jquery.marsonry.min.js
ERR: 非法操作:js

[ 2016-02-17T22:15:34+08:00 ] ::1 /its/index.php/Home/Movie/js/jquery.marsonry.min.js
ERR: 非法操作:js

[ 2016-02-17T22:16:05+08:00 ] ::1 /its/index.php/Home/Movie/js/jquery.marsonry.min.js
ERR: 非法操作:js

[ 2016-02-17T22:17:03+08:00 ] ::1 /its/index.php/Home/Movie/js/jquery.marsonry.min.js
ERR: 非法操作:js

