[ 2016-03-27T00:06:45+08:00 ] ::1 /its/index.php/Home/correct/correctIndex
INFO: [ app_init ] --START--
INFO: [ app_init ] --END-- [ RunTime:0.000842s ]
INFO: [ path_info ] --START--
INFO: [ path_info ] --END-- [ RunTime:0.000152s ]
INFO: [ app_begin ] --START--
INFO: Run Behavior\ReadHtmlCache [ RunTime:0.000280s ]
INFO: [ app_begin ] --END-- [ RunTime:0.000588s ]
INFO: [ action_begin ] --START--
INFO: [ action_begin ] --END-- [ RunTime:0.000167s ]
SQL: SHOW COLUMNS FROM `its_class` [ RunTime:0.021014s ]
SQL: SHOW COLUMNS FROM `its_manage_class` [ RunTime:0.020156s ]
SQL: SELECT * FROM `its_manage_class` WHERE ( user_id=2 ) ORDER BY class_id  [ RunTime:0.009942s ]
SQL: select c.class_id,c.class_name,i.institute_name from its_class as c,its_institute as i where i.institute_id=c.institute_id and c.class_id=1 [ RunTime:0.050605s ]
SQL: select c.class_id,c.class_name,i.institute_name from its_class as c,its_institute as i where i.institute_id=c.institute_id and c.class_id=2 [ RunTime:0.000546s ]
INFO: [ view_begin ] --START--
INFO: [ view_begin ] --END-- [ RunTime:0.000151s ]
INFO: [ view_parse ] --START--
INFO: [ template_filter ] --START--
INFO: Run Behavior\ContentReplace [ RunTime:0.000265s ]
INFO: [ template_filter ] --END-- [ RunTime:0.000597s ]
NOTIC: [8] Undefined variable: type_id D:\wamp\www\its\Runtime\Cache\Home\e1e073cdacd00cfd5e09703de3a21076.php 第 54 行.
NOTIC: [8] Undefined variable: text_id D:\wamp\www\its\Runtime\Cache\Home\e1e073cdacd00cfd5e09703de3a21076.php 第 54 行.
NOTIC: [8] Undefined variable: type_id D:\wamp\www\its\Runtime\Cache\Home\e1e073cdacd00cfd5e09703de3a21076.php 第 54 行.
NOTIC: [8] Undefined variable: text_id D:\wamp\www\its\Runtime\Cache\Home\e1e073cdacd00cfd5e09703de3a21076.php 第 54 行.
INFO: Run Behavior\ParseTemplate [ RunTime:0.068758s ]
INFO: [ view_parse ] --END-- [ RunTime:0.069076s ]
INFO: [ view_filter ] --START--
INFO: Run Behavior\WriteHtmlCache [ RunTime:0.000079s ]
INFO: [ view_filter ] --END-- [ RunTime:0.000376s ]
INFO: [ view_end ] --START--
INFO: [ view_end ] --END-- [ RunTime:0.000139s ]
INFO: [ app_end ] --START--
INFO: Run Behavior\ShowPageTrace [ RunTime:0.000222s ]
INFO: [ app_end ] --END-- [ RunTime:0.000522s ]

[ 2016-03-27T00:06:54+08:00 ] ::1 /its/index.php/Home/correct/correctingList
INFO: [ app_init ] --START--
INFO: [ app_init ] --END-- [ RunTime:0.000769s ]
INFO: [ path_info ] --START--
INFO: [ path_info ] --END-- [ RunTime:0.000165s ]
INFO: [ app_begin ] --START--
INFO: Run Behavior\ReadHtmlCache [ RunTime:0.000320s ]
INFO: [ app_begin ] --END-- [ RunTime:0.000698s ]
INFO: [ action_begin ] --START--
INFO: [ action_begin ] --END-- [ RunTime:0.000184s ]
SQL: SHOW COLUMNS FROM `its_class` [ RunTime:0.007522s ]
SQL: SHOW COLUMNS FROM `its_manage_class` [ RunTime:0.008956s ]
SQL: SELECT * FROM `its_manage_class` WHERE ( user_id=2 ) ORDER BY class_id  [ RunTime:0.001386s ]
SQL: select c.class_id,c.class_name,i.institute_name from its_class as c,its_institute as i where i.institute_id=c.institute_id and c.class_id=1 [ RunTime:0.000572s ]
SQL: select c.class_id,c.class_name,i.institute_name from its_class as c,its_institute as i where i.institute_id=c.institute_id and c.class_id=2 [ RunTime:0.000761s ]
NOTIC: [8] Undefined index: class_id D:\wamp\www\its\Home\Controller\CorrectController.class.php 第 107 行.
SQL: SHOW COLUMNS FROM `its_text_grade` [ RunTime:0.077053s ]
SQL: select u.user_id,t.text_id,t.type_id,t.text_name,u.user_name,l.upload_time
from its_text as t,its_upload_text_list as l,its_user as u
where u.user_id=l.user_id and t.text_id=l.text_id and t.type_id=l.text_type_id and l.class_id=1 and is_pigai=0
order by l.upload_time desc [ RunTime:0.364354s ]
SQL: SHOW COLUMNS FROM `its_common` [ RunTime:0.008726s ]
ERR: 1146:Table 'its.its_common' doesn't exist
 [ SQL语句 ] : SHOW COLUMNS FROM `its_common`
INFO: [ view_begin ] --START--
INFO: [ view_begin ] --END-- [ RunTime:0.000164s ]
INFO: [ view_parse ] --START--
INFO: [ template_filter ] --START--
INFO: Run Behavior\ContentReplace [ RunTime:0.000276s ]
INFO: [ template_filter ] --END-- [ RunTime:0.000665s ]
NOTIC: [8] Undefined variable: class_id D:\wamp\www\its\Runtime\Cache\Home\588fbb106659e5c7cc258c36ebe9c020.php 第 62 行.
INFO: Run Behavior\ParseTemplate [ RunTime:0.018416s ]
INFO: [ view_parse ] --END-- [ RunTime:0.018797s ]
INFO: [ view_filter ] --START--
INFO: Run Behavior\WriteHtmlCache [ RunTime:0.000087s ]
INFO: [ view_filter ] --END-- [ RunTime:0.000435s ]
INFO: [ view_end ] --START--
INFO: [ view_end ] --END-- [ RunTime:0.000165s ]
INFO: [ app_end ] --START--
INFO: Run Behavior\ShowPageTrace [ RunTime:0.000468s ]
INFO: [ app_end ] --END-- [ RunTime:0.000772s ]

[ 2016-03-27T00:07:50+08:00 ] ::1 /its/index.php/Home/correct/evalChange?text_id=1&type_id=1&user_id=1&$upload_time=2016-03-26%2018:35:41&class_id=
INFO: [ app_init ] --START--
INFO: [ app_init ] --END-- [ RunTime:0.000817s ]
INFO: [ path_info ] --START--
INFO: [ path_info ] --END-- [ RunTime:0.000143s ]
INFO: [ app_begin ] --START--
INFO: Run Behavior\ReadHtmlCache [ RunTime:0.000269s ]
INFO: [ app_begin ] --END-- [ RunTime:0.000578s ]
INFO: [ action_begin ] --START--
INFO: [ action_begin ] --END-- [ RunTime:0.000152s ]
NOTIC: [8] Undefined index: last_text D:\wamp\www\its\Home\Controller\CorrectController.class.php 第 123 行.
NOTIC: [8] Undefined index: next_text D:\wamp\www\its\Home\Controller\CorrectController.class.php 第 124 行.
INFO: [ app_end ] --START--
INFO: Run Behavior\ShowPageTrace [ RunTime:0.000222s ]
INFO: [ app_end ] --END-- [ RunTime:0.000531s ]

[ 2016-03-27T00:07:50+08:00 ] ::1 /its/index.php/Home/correct/evalGradeIndex?text_id=1&type_id=1&user_id=1&class_id=
INFO: [ app_init ] --START--
INFO: [ app_init ] --END-- [ RunTime:0.002886s ]
INFO: [ path_info ] --START--
INFO: [ path_info ] --END-- [ RunTime:0.000148s ]
INFO: [ app_begin ] --START--
INFO: Run Behavior\ReadHtmlCache [ RunTime:0.000273s ]
INFO: [ app_begin ] --END-- [ RunTime:0.000591s ]
INFO: [ action_begin ] --START--
INFO: [ action_begin ] --END-- [ RunTime:0.000157s ]
NOTIC: [8] Undefined index: upload_time D:\wamp\www\its\Home\Controller\CorrectController.class.php 第 133 行.
NOTIC: [8] Undefined index: upload_time D:\wamp\www\its\Home\Controller\CorrectController.class.php 第 134 行.
SQL: SHOW COLUMNS FROM `its_text_grade` [ RunTime:0.008344s ]
SQL: SHOW COLUMNS FROM `its_upload_text_list` [ RunTime:0.007441s ]
SQL: SELECT * FROM `its_upload_text_list` WHERE ( text_type_id=1 and text_id=1 and user_id=1 and upload_time= )  [ RunTime:0.000479s ]
ERR: 1064:You have an error in your SQL syntax; check the manual that corresponds to your MySQL server version for the right syntax to use near ')' at line 1
 [ SQL语句 ] : SELECT * FROM `its_upload_text_list` WHERE ( text_type_id=1 and text_id=1 and user_id=1 and upload_time= ) 
SQL: select u.user_id,t.text_id,t.type_id,t.text_name,u.user_name,l.upload_time
from its_text as t,its_upload_text_list as l,its_user as u
where u.user_id=l.user_id and t.text_id=l.text_id and t.type_id=l.text_type_id and l.class_id= and is_pigai=0
order by l.upload_time desc [ RunTime:0.000684s ]
ERR: 1064:You have an error in your SQL syntax; check the manual that corresponds to your MySQL server version for the right syntax to use near 'and is_pigai=0
order by l.upload_time desc' at line 3
 [ SQL语句 ] : select u.user_id,t.text_id,t.type_id,t.text_name,u.user_name,l.upload_time
from its_text as t,its_upload_text_list as l,its_user as u
where u.user_id=l.user_id and t.text_id=l.text_id and t.type_id=l.text_type_id and l.class_id= and is_pigai=0
order by l.upload_time desc
SQL: SHOW COLUMNS FROM `its_common` [ RunTime:0.007742s ]
ERR: 1146:Table 'its.its_common' doesn't exist
 [ SQL语句 ] : SHOW COLUMNS FROM `its_common`
INFO: [ view_begin ] --START--
INFO: [ view_begin ] --END-- [ RunTime:0.000142s ]
INFO: [ view_parse ] --START--
INFO: [ template_filter ] --START--
INFO: Run Behavior\ContentReplace [ RunTime:0.000261s ]
INFO: [ template_filter ] --END-- [ RunTime:0.000592s ]
INFO: Run Behavior\ParseTemplate [ RunTime:0.055112s ]
INFO: [ view_parse ] --END-- [ RunTime:0.055448s ]
INFO: [ view_filter ] --START--
INFO: Run Behavior\WriteHtmlCache [ RunTime:0.000080s ]
INFO: [ view_filter ] --END-- [ RunTime:0.000379s ]
INFO: [ view_end ] --START--
INFO: [ view_end ] --END-- [ RunTime:0.000137s ]
INFO: [ app_end ] --START--
INFO: Run Behavior\ShowPageTrace [ RunTime:0.000223s ]
INFO: [ app_end ] --END-- [ RunTime:0.000518s ]

[ 2016-03-27T00:07:51+08:00 ] ::1 /its/index.php/Home/correct/css/bootstrap.min.css
INFO: [ app_init ] --START--
INFO: [ app_init ] --END-- [ RunTime:0.000847s ]
INFO: [ path_info ] --START--
INFO: [ path_info ] --END-- [ RunTime:0.000159s ]
INFO: [ app_begin ] --START--
INFO: Run Behavior\ReadHtmlCache [ RunTime:0.000269s ]
INFO: [ app_begin ] --END-- [ RunTime:0.000576s ]
INFO: [ action_begin ] --START--
INFO: [ action_begin ] --END-- [ RunTime:0.000164s ]
ERR: 非法操作:css

[ 2016-03-27T00:07:51+08:00 ] ::1 /its/index.php/Home/correct/js/audio.js
INFO: [ app_init ] --START--
INFO: [ app_init ] --END-- [ RunTime:0.000772s ]
INFO: [ path_info ] --START--
INFO: [ path_info ] --END-- [ RunTime:0.000159s ]
INFO: [ app_begin ] --START--
INFO: Run Behavior\ReadHtmlCache [ RunTime:0.000266s ]
INFO: [ app_begin ] --END-- [ RunTime:0.000571s ]
INFO: [ action_begin ] --START--
INFO: [ action_begin ] --END-- [ RunTime:0.000221s ]
ERR: 非法操作:js

[ 2016-03-27T00:07:51+08:00 ] ::1 /its/index.php/Home/correct/js/jquery.js
INFO: [ app_init ] --START--
INFO: [ app_init ] --END-- [ RunTime:0.000772s ]
INFO: [ path_info ] --START--
INFO: [ path_info ] --END-- [ RunTime:0.000178s ]
INFO: [ app_begin ] --START--
INFO: Run Behavior\ReadHtmlCache [ RunTime:0.000300s ]
INFO: [ app_begin ] --END-- [ RunTime:0.000624s ]
INFO: [ action_begin ] --START--
INFO: [ action_begin ] --END-- [ RunTime:0.000161s ]
ERR: 非法操作:js

[ 2016-03-27T00:07:51+08:00 ] ::1 /its/index.php/Home/correct/css/te_nav_style.css
INFO: [ app_init ] --START--
INFO: [ app_init ] --END-- [ RunTime:0.000775s ]
INFO: [ path_info ] --START--
INFO: [ path_info ] --END-- [ RunTime:0.000217s ]
INFO: [ app_begin ] --START--
INFO: Run Behavior\ReadHtmlCache [ RunTime:0.000269s ]
INFO: [ app_begin ] --END-- [ RunTime:0.000591s ]
INFO: [ action_begin ] --START--
INFO: [ action_begin ] --END-- [ RunTime:0.000164s ]
ERR: 非法操作:css

[ 2016-03-27T00:07:51+08:00 ] ::1 /its/index.php/Home/correct/js/bootstrap.min.js
INFO: [ app_init ] --START--
INFO: [ app_init ] --END-- [ RunTime:0.001000s ]
INFO: [ path_info ] --START--
INFO: [ path_info ] --END-- [ RunTime:0.000161s ]
INFO: [ app_begin ] --START--
INFO: Run Behavior\ReadHtmlCache [ RunTime:0.000294s ]
INFO: [ app_begin ] --END-- [ RunTime:0.000636s ]
INFO: [ action_begin ] --START--
INFO: [ action_begin ] --END-- [ RunTime:0.000169s ]
ERR: 非法操作:js

[ 2016-03-27T00:07:51+08:00 ] ::1 /its/index.php/Home/correct/js/jquery-1.12.0.min.js
INFO: [ app_init ] --START--
INFO: [ app_init ] --END-- [ RunTime:0.000720s ]
INFO: [ path_info ] --START--
INFO: [ path_info ] --END-- [ RunTime:0.000190s ]
INFO: [ app_begin ] --START--
INFO: Run Behavior\ReadHtmlCache [ RunTime:0.000275s ]
INFO: [ app_begin ] --END-- [ RunTime:0.000596s ]
INFO: [ action_begin ] --START--
INFO: [ action_begin ] --END-- [ RunTime:0.000187s ]
ERR: 非法操作:js

[ 2016-03-27T00:07:51+08:00 ] ::1 /its/index.php/Home/correct/css/te_play_correcting_submit.css
INFO: [ app_init ] --START--
INFO: [ app_init ] --END-- [ RunTime:0.000728s ]
INFO: [ path_info ] --START--
INFO: [ path_info ] --END-- [ RunTime:0.000141s ]
INFO: [ app_begin ] --START--
INFO: Run Behavior\ReadHtmlCache [ RunTime:0.000261s ]
INFO: [ app_begin ] --END-- [ RunTime:0.000562s ]
INFO: [ action_begin ] --START--
INFO: [ action_begin ] --END-- [ RunTime:0.000148s ]
ERR: 非法操作:css

[ 2016-03-27T00:07:51+08:00 ] ::1 /its/index.php/Home/correct/%E5%BE%90%E4%BD%B3%E8%8E%B9%20-%20%E4%BF%AE%E7%82%BC%E7%88%B1%E6%83%85.mp3
INFO: [ app_init ] --START--
INFO: [ app_init ] --END-- [ RunTime:0.000723s ]
INFO: [ path_info ] --START--
INFO: [ path_info ] --END-- [ RunTime:0.000139s ]
INFO: [ app_begin ] --START--
INFO: Run Behavior\ReadHtmlCache [ RunTime:0.000264s ]
INFO: [ app_begin ] --END-- [ RunTime:0.000562s ]
INFO: [ action_begin ] --START--
INFO: [ action_begin ] --END-- [ RunTime:0.000156s ]
ERR: 非法操作:徐佳莹 - 修炼爱情.mp3

[ 2016-03-27T00:10:20+08:00 ] ::1 /its/index.php/Home/correct/evalGradeIndex?text_id=1&type_id=1&user_id=1&class_id=
INFO: [ app_init ] --START--
INFO: [ app_init ] --END-- [ RunTime:0.000788s ]
INFO: [ path_info ] --START--
INFO: [ path_info ] --END-- [ RunTime:0.000142s ]
INFO: [ app_begin ] --START--
INFO: Run Behavior\ReadHtmlCache [ RunTime:0.000287s ]
INFO: [ app_begin ] --END-- [ RunTime:0.000586s ]
INFO: [ action_begin ] --START--
INFO: [ action_begin ] --END-- [ RunTime:0.000150s ]
NOTIC: [8] Undefined index: upload_time D:\wamp\www\its\Home\Controller\CorrectController.class.php 第 133 行.
NOTIC: [8] Undefined index: upload_time D:\wamp\www\its\Home\Controller\CorrectController.class.php 第 134 行.
SQL: SHOW COLUMNS FROM `its_text_grade` [ RunTime:0.009142s ]
SQL: SHOW COLUMNS FROM `its_upload_text_list` [ RunTime:0.011308s ]
SQL: SELECT * FROM `its_upload_text_list` WHERE ( text_type_id=1 and text_id=1 and user_id=1 and upload_time= )  [ RunTime:0.000555s ]
ERR: 1064:You have an error in your SQL syntax; check the manual that corresponds to your MySQL server version for the right syntax to use near ')' at line 1
 [ SQL语句 ] : SELECT * FROM `its_upload_text_list` WHERE ( text_type_id=1 and text_id=1 and user_id=1 and upload_time= ) 
SQL: select u.user_id,t.text_id,t.type_id,t.text_name,u.user_name,l.upload_time
from its_text as t,its_upload_text_list as l,its_user as u
where u.user_id=l.user_id and t.text_id=l.text_id and t.type_id=l.text_type_id and l.class_id= and is_pigai=0
order by l.upload_time desc [ RunTime:0.000508s ]
ERR: 1064:You have an error in your SQL syntax; check the manual that corresponds to your MySQL server version for the right syntax to use near 'and is_pigai=0
order by l.upload_time desc' at line 3
 [ SQL语句 ] : select u.user_id,t.text_id,t.type_id,t.text_name,u.user_name,l.upload_time
from its_text as t,its_upload_text_list as l,its_user as u
where u.user_id=l.user_id and t.text_id=l.text_id and t.type_id=l.text_type_id and l.class_id= and is_pigai=0
order by l.upload_time desc
SQL: SHOW COLUMNS FROM `its_common` [ RunTime:0.009090s ]
ERR: 1146:Table 'its.its_common' doesn't exist
 [ SQL语句 ] : SHOW COLUMNS FROM `its_common`
INFO: [ view_begin ] --START--
INFO: [ view_begin ] --END-- [ RunTime:0.000144s ]
INFO: [ view_parse ] --START--
INFO: [ template_filter ] --START--
INFO: Run Behavior\ContentReplace [ RunTime:0.000257s ]
INFO: [ template_filter ] --END-- [ RunTime:0.000589s ]
INFO: Run Behavior\ParseTemplate [ RunTime:0.019647s ]
INFO: [ view_parse ] --END-- [ RunTime:0.019990s ]
INFO: [ view_filter ] --START--
INFO: Run Behavior\WriteHtmlCache [ RunTime:0.000077s ]
INFO: [ view_filter ] --END-- [ RunTime:0.000370s ]
INFO: [ view_end ] --START--
INFO: [ view_end ] --END-- [ RunTime:0.000136s ]
INFO: [ app_end ] --START--
INFO: Run Behavior\ShowPageTrace [ RunTime:0.000220s ]
INFO: [ app_end ] --END-- [ RunTime:0.000512s ]

[ 2016-03-27T00:12:40+08:00 ] ::1 /its/index.php/Home/correct/evalGradeIndex?text_id=1&type_id=1&user_id=1&class_id=
INFO: [ app_init ] --START--
INFO: [ app_init ] --END-- [ RunTime:0.000742s ]
INFO: [ path_info ] --START--
INFO: [ path_info ] --END-- [ RunTime:0.000171s ]
INFO: [ app_begin ] --START--
INFO: Run Behavior\ReadHtmlCache [ RunTime:0.000287s ]
INFO: [ app_begin ] --END-- [ RunTime:0.000610s ]
INFO: [ action_begin ] --START--
INFO: [ action_begin ] --END-- [ RunTime:0.000171s ]
NOTIC: [8] Undefined index: upload_time D:\wamp\www\its\Home\Controller\CorrectController.class.php 第 133 行.
NOTIC: [8] Undefined index: upload_time D:\wamp\www\its\Home\Controller\CorrectController.class.php 第 134 行.
SQL: SHOW COLUMNS FROM `its_text_grade` [ RunTime:0.007229s ]
SQL: SHOW COLUMNS FROM `its_upload_text_list` [ RunTime:0.007164s ]
SQL: SELECT * FROM `its_upload_text_list` WHERE ( text_type_id=1 and text_id=1 and user_id=1 and upload_time= )  [ RunTime:0.000419s ]
ERR: 1064:You have an error in your SQL syntax; check the manual that corresponds to your MySQL server version for the right syntax to use near ')' at line 1
 [ SQL语句 ] : SELECT * FROM `its_upload_text_list` WHERE ( text_type_id=1 and text_id=1 and user_id=1 and upload_time= ) 
SQL: select u.user_id,t.text_id,t.type_id,t.text_name,u.user_name,l.upload_time
from its_text as t,its_upload_text_list as l,its_user as u
where u.user_id=l.user_id and t.text_id=l.text_id and t.type_id=l.text_type_id and l.class_id= and is_pigai=0
order by l.upload_time desc [ RunTime:0.000493s ]
ERR: 1064:You have an error in your SQL syntax; check the manual that corresponds to your MySQL server version for the right syntax to use near 'and is_pigai=0
order by l.upload_time desc' at line 3
 [ SQL语句 ] : select u.user_id,t.text_id,t.type_id,t.text_name,u.user_name,l.upload_time
from its_text as t,its_upload_text_list as l,its_user as u
where u.user_id=l.user_id and t.text_id=l.text_id and t.type_id=l.text_type_id and l.class_id= and is_pigai=0
order by l.upload_time desc
SQL: SHOW COLUMNS FROM `its_common` [ RunTime:0.006307s ]
ERR: 1146:Table 'its.its_common' doesn't exist
 [ SQL语句 ] : SHOW COLUMNS FROM `its_common`
INFO: [ view_begin ] --START--
INFO: [ view_begin ] --END-- [ RunTime:0.000156s ]
INFO: [ view_parse ] --START--
INFO: [ template_filter ] --START--
INFO: Run Behavior\ContentReplace [ RunTime:0.000277s ]
INFO: [ template_filter ] --END-- [ RunTime:0.000640s ]
INFO: Run Behavior\ParseTemplate [ RunTime:0.020144s ]
INFO: [ view_parse ] --END-- [ RunTime:0.020489s ]
INFO: [ view_filter ] --START--
INFO: Run Behavior\WriteHtmlCache [ RunTime:0.000083s ]
INFO: [ view_filter ] --END-- [ RunTime:0.000393s ]
INFO: [ view_end ] --START--
INFO: [ view_end ] --END-- [ RunTime:0.000147s ]
INFO: [ app_end ] --START--
INFO: Run Behavior\ShowPageTrace [ RunTime:0.000229s ]
INFO: [ app_end ] --END-- [ RunTime:0.000534s ]

[ 2016-03-27T00:13:16+08:00 ] ::1 /its/index.php/Home/correct/evalGradeIndex?text_id=1&type_id=1&user_id=1&class_id=
INFO: [ app_init ] --START--
INFO: [ app_init ] --END-- [ RunTime:0.000796s ]
INFO: [ path_info ] --START--
INFO: [ path_info ] --END-- [ RunTime:0.000167s ]
INFO: [ app_begin ] --START--
INFO: Run Behavior\ReadHtmlCache [ RunTime:0.000289s ]
INFO: [ app_begin ] --END-- [ RunTime:0.000610s ]
INFO: [ action_begin ] --START--
INFO: [ action_begin ] --END-- [ RunTime:0.000170s ]
NOTIC: [8] Undefined index: upload_time D:\wamp\www\its\Home\Controller\CorrectController.class.php 第 133 行.
NOTIC: [8] Undefined index: upload_time D:\wamp\www\its\Home\Controller\CorrectController.class.php 第 134 行.
SQL: SHOW COLUMNS FROM `its_text_grade` [ RunTime:0.007006s ]
SQL: SHOW COLUMNS FROM `its_upload_text_list` [ RunTime:0.007130s ]
SQL: SELECT * FROM `its_upload_text_list` WHERE ( text_type_id=1 and text_id=1 and user_id=1 and upload_time= )  [ RunTime:0.000362s ]
ERR: 1064:You have an error in your SQL syntax; check the manual that corresponds to your MySQL server version for the right syntax to use near ')' at line 1
 [ SQL语句 ] : SELECT * FROM `its_upload_text_list` WHERE ( text_type_id=1 and text_id=1 and user_id=1 and upload_time= ) 
SQL: select u.user_id,t.text_id,t.type_id,t.text_name,u.user_name,l.upload_time
from its_text as t,its_upload_text_list as l,its_user as u
where u.user_id=l.user_id and t.text_id=l.text_id and t.type_id=l.text_type_id and l.class_id= and is_pigai=0
order by l.upload_time desc [ RunTime:0.000375s ]
ERR: 1064:You have an error in your SQL syntax; check the manual that corresponds to your MySQL server version for the right syntax to use near 'and is_pigai=0
order by l.upload_time desc' at line 3
 [ SQL语句 ] : select u.user_id,t.text_id,t.type_id,t.text_name,u.user_name,l.upload_time
from its_text as t,its_upload_text_list as l,its_user as u
where u.user_id=l.user_id and t.text_id=l.text_id and t.type_id=l.text_type_id and l.class_id= and is_pigai=0
order by l.upload_time desc
SQL: SHOW COLUMNS FROM `its_common` [ RunTime:0.007317s ]
ERR: 1146:Table 'its.its_common' doesn't exist
 [ SQL语句 ] : SHOW COLUMNS FROM `its_common`
INFO: [ view_begin ] --START--
INFO: [ view_begin ] --END-- [ RunTime:0.000157s ]
INFO: [ view_parse ] --START--
INFO: [ template_filter ] --START--
INFO: Run Behavior\ContentReplace [ RunTime:0.000281s ]
INFO: [ template_filter ] --END-- [ RunTime:0.000731s ]
INFO: Run Behavior\ParseTemplate [ RunTime:0.019534s ]
INFO: [ view_parse ] --END-- [ RunTime:0.019877s ]
INFO: [ view_filter ] --START--
INFO: Run Behavior\WriteHtmlCache [ RunTime:0.000080s ]
INFO: [ view_filter ] --END-- [ RunTime:0.000392s ]
INFO: [ view_end ] --START--
INFO: [ view_end ] --END-- [ RunTime:0.000147s ]
INFO: [ app_end ] --START--
INFO: Run Behavior\ShowPageTrace [ RunTime:0.000224s ]
INFO: [ app_end ] --END-- [ RunTime:0.000533s ]

[ 2016-03-27T00:15:36+08:00 ] ::1 /its/index.php/Home/correct/evalGradeIndex?text_id=1&type_id=1&user_id=1&class_id=
INFO: [ app_init ] --START--
INFO: [ app_init ] --END-- [ RunTime:0.000733s ]
INFO: [ path_info ] --START--
INFO: [ path_info ] --END-- [ RunTime:0.000142s ]
INFO: [ app_begin ] --START--
INFO: Run Behavior\ReadHtmlCache [ RunTime:0.000276s ]
INFO: [ app_begin ] --END-- [ RunTime:0.000615s ]
INFO: [ action_begin ] --START--
INFO: [ action_begin ] --END-- [ RunTime:0.000250s ]
NOTIC: [8] Undefined index: upload_time D:\wamp\www\its\Home\Controller\CorrectController.class.php 第 133 行.
NOTIC: [8] Undefined index: upload_time D:\wamp\www\its\Home\Controller\CorrectController.class.php 第 134 行.
SQL: SHOW COLUMNS FROM `its_text_grade` [ RunTime:0.010523s ]
SQL: SHOW COLUMNS FROM `its_upload_text_list` [ RunTime:0.036811s ]
SQL: SELECT * FROM `its_upload_text_list` WHERE ( text_type_id=1 and text_id=1 and user_id=1 and upload_time= )  [ RunTime:0.002812s ]
ERR: 1064:You have an error in your SQL syntax; check the manual that corresponds to your MySQL server version for the right syntax to use near ')' at line 1
 [ SQL语句 ] : SELECT * FROM `its_upload_text_list` WHERE ( text_type_id=1 and text_id=1 and user_id=1 and upload_time= ) 
SQL: select u.user_id,t.text_id,t.type_id,t.text_name,u.user_name,l.upload_time
from its_text as t,its_upload_text_list as l,its_user as u
where u.user_id=l.user_id and t.text_id=l.text_id and t.type_id=l.text_type_id and l.class_id= and is_pigai=0
order by l.upload_time desc [ RunTime:0.000665s ]
ERR: 1064:You have an error in your SQL syntax; check the manual that corresponds to your MySQL server version for the right syntax to use near 'and is_pigai=0
order by l.upload_time desc' at line 3
 [ SQL语句 ] : select u.user_id,t.text_id,t.type_id,t.text_name,u.user_name,l.upload_time
from its_text as t,its_upload_text_list as l,its_user as u
where u.user_id=l.user_id and t.text_id=l.text_id and t.type_id=l.text_type_id and l.class_id= and is_pigai=0
order by l.upload_time desc
SQL: SHOW COLUMNS FROM `its_common` [ RunTime:0.006708s ]
ERR: 1146:Table 'its.its_common' doesn't exist
 [ SQL语句 ] : SHOW COLUMNS FROM `its_common`
INFO: [ view_begin ] --START--
INFO: [ view_begin ] --END-- [ RunTime:0.000159s ]
INFO: [ view_parse ] --START--
INFO: [ template_filter ] --START--
INFO: Run Behavior\ContentReplace [ RunTime:0.000270s ]
INFO: [ template_filter ] --END-- [ RunTime:0.000834s ]
INFO: Run Behavior\ParseTemplate [ RunTime:0.019822s ]
INFO: [ view_parse ] --END-- [ RunTime:0.020148s ]
INFO: [ view_filter ] --START--
INFO: Run Behavior\WriteHtmlCache [ RunTime:0.000081s ]
INFO: [ view_filter ] --END-- [ RunTime:0.000414s ]
INFO: [ view_end ] --START--
INFO: [ view_end ] --END-- [ RunTime:0.000138s ]
INFO: [ app_end ] --START--
INFO: Run Behavior\ShowPageTrace [ RunTime:0.000225s ]
INFO: [ app_end ] --END-- [ RunTime:0.000524s ]

[ 2016-03-27T00:17:00+08:00 ] ::1 /its/index.php/Home/correct/evalGradeIndex?text_id=1&type_id=1&user_id=1&class_id=
INFO: [ app_init ] --START--
INFO: [ app_init ] --END-- [ RunTime:0.000732s ]
INFO: [ path_info ] --START--
INFO: [ path_info ] --END-- [ RunTime:0.000145s ]
INFO: [ app_begin ] --START--
INFO: Run Behavior\ReadHtmlCache [ RunTime:0.000271s ]
INFO: [ app_begin ] --END-- [ RunTime:0.000579s ]
INFO: [ action_begin ] --START--
INFO: [ action_begin ] --END-- [ RunTime:0.000157s ]
NOTIC: [8] Undefined index: upload_time D:\wamp\www\its\Home\Controller\CorrectController.class.php 第 133 行.
NOTIC: [8] Undefined index: upload_time D:\wamp\www\its\Home\Controller\CorrectController.class.php 第 134 行.
SQL: SHOW COLUMNS FROM `its_text_grade` [ RunTime:0.009699s ]
SQL: SHOW COLUMNS FROM `its_upload_text_list` [ RunTime:0.009327s ]
SQL: SELECT * FROM `its_upload_text_list` WHERE ( text_type_id=1 and text_id=1 and user_id=1 and upload_time= )  [ RunTime:0.000852s ]
ERR: 1064:You have an error in your SQL syntax; check the manual that corresponds to your MySQL server version for the right syntax to use near ')' at line 1
 [ SQL语句 ] : SELECT * FROM `its_upload_text_list` WHERE ( text_type_id=1 and text_id=1 and user_id=1 and upload_time= ) 
SQL: select u.user_id,t.text_id,t.type_id,t.text_name,u.user_name,l.upload_time
from its_text as t,its_upload_text_list as l,its_user as u
where u.user_id=l.user_id and t.text_id=l.text_id and t.type_id=l.text_type_id and l.class_id= and is_pigai=0
order by l.upload_time desc [ RunTime:0.001181s ]
ERR: 1064:You have an error in your SQL syntax; check the manual that corresponds to your MySQL server version for the right syntax to use near 'and is_pigai=0
order by l.upload_time desc' at line 3
 [ SQL语句 ] : select u.user_id,t.text_id,t.type_id,t.text_name,u.user_name,l.upload_time
from its_text as t,its_upload_text_list as l,its_user as u
where u.user_id=l.user_id and t.text_id=l.text_id and t.type_id=l.text_type_id and l.class_id= and is_pigai=0
order by l.upload_time desc
SQL: SHOW COLUMNS FROM `its_common` [ RunTime:0.007867s ]
ERR: 1146:Table 'its.its_common' doesn't exist
 [ SQL语句 ] : SHOW COLUMNS FROM `its_common`
INFO: [ view_begin ] --START--
INFO: [ view_begin ] --END-- [ RunTime:0.000143s ]
INFO: [ view_parse ] --START--
INFO: [ template_filter ] --START--
INFO: Run Behavior\ContentReplace [ RunTime:0.000264s ]
INFO: [ template_filter ] --END-- [ RunTime:0.000600s ]
INFO: Run Behavior\ParseTemplate [ RunTime:0.023256s ]
INFO: [ view_parse ] --END-- [ RunTime:0.023580s ]
INFO: [ view_filter ] --START--
INFO: Run Behavior\WriteHtmlCache [ RunTime:0.000076s ]
INFO: [ view_filter ] --END-- [ RunTime:0.000374s ]
INFO: [ view_end ] --START--
INFO: [ view_end ] --END-- [ RunTime:0.000137s ]
INFO: [ app_end ] --START--
INFO: Run Behavior\ShowPageTrace [ RunTime:0.000225s ]
INFO: [ app_end ] --END-- [ RunTime:0.000520s ]

[ 2016-03-27T00:17:05+08:00 ] ::1 /its/index.php/Home/correct/evalGradeIndex?text_id=1&type_id=1&user_id=1&class_id=
INFO: [ app_init ] --START--
INFO: [ app_init ] --END-- [ RunTime:0.000687s ]
INFO: [ path_info ] --START--
INFO: [ path_info ] --END-- [ RunTime:0.000180s ]
INFO: [ app_begin ] --START--
INFO: Run Behavior\ReadHtmlCache [ RunTime:0.000306s ]
INFO: [ app_begin ] --END-- [ RunTime:0.000646s ]
INFO: [ action_begin ] --START--
INFO: [ action_begin ] --END-- [ RunTime:0.000161s ]
NOTIC: [8] Undefined index: upload_time D:\wamp\www\its\Home\Controller\CorrectController.class.php 第 133 行.
NOTIC: [8] Undefined index: upload_time D:\wamp\www\its\Home\Controller\CorrectController.class.php 第 134 行.
SQL: SHOW COLUMNS FROM `its_text_grade` [ RunTime:0.007770s ]
SQL: SHOW COLUMNS FROM `its_upload_text_list` [ RunTime:0.008568s ]
SQL: SELECT * FROM `its_upload_text_list` WHERE ( text_type_id=1 and text_id=1 and user_id=1 and upload_time= )  [ RunTime:0.000375s ]
ERR: 1064:You have an error in your SQL syntax; check the manual that corresponds to your MySQL server version for the right syntax to use near ')' at line 1
 [ SQL语句 ] : SELECT * FROM `its_upload_text_list` WHERE ( text_type_id=1 and text_id=1 and user_id=1 and upload_time= ) 
SQL: select u.user_id,t.text_id,t.type_id,t.text_name,u.user_name,l.upload_time
from its_text as t,its_upload_text_list as l,its_user as u
where u.user_id=l.user_id and t.text_id=l.text_id and t.type_id=l.text_type_id and l.class_id= and is_pigai=0
order by l.upload_time desc [ RunTime:0.000387s ]
ERR: 1064:You have an error in your SQL syntax; check the manual that corresponds to your MySQL server version for the right syntax to use near 'and is_pigai=0
order by l.upload_time desc' at line 3
 [ SQL语句 ] : select u.user_id,t.text_id,t.type_id,t.text_name,u.user_name,l.upload_time
from its_text as t,its_upload_text_list as l,its_user as u
where u.user_id=l.user_id and t.text_id=l.text_id and t.type_id=l.text_type_id and l.class_id= and is_pigai=0
order by l.upload_time desc
SQL: SHOW COLUMNS FROM `its_common` [ RunTime:0.007208s ]
ERR: 1146:Table 'its.its_common' doesn't exist
 [ SQL语句 ] : SHOW COLUMNS FROM `its_common`
INFO: [ view_begin ] --START--
INFO: [ view_begin ] --END-- [ RunTime:0.000162s ]
INFO: [ view_parse ] --START--
INFO: [ template_filter ] --START--
INFO: Run Behavior\ContentReplace [ RunTime:0.000297s ]
INFO: [ template_filter ] --END-- [ RunTime:0.000675s ]
INFO: Run Behavior\ParseTemplate [ RunTime:0.025613s ]
INFO: [ view_parse ] --END-- [ RunTime:0.026003s ]
INFO: [ view_filter ] --START--
INFO: Run Behavior\WriteHtmlCache [ RunTime:0.000089s ]
INFO: [ view_filter ] --END-- [ RunTime:0.000665s ]
INFO: [ view_end ] --START--
INFO: [ view_end ] --END-- [ RunTime:0.000148s ]
INFO: [ app_end ] --START--
INFO: Run Behavior\ShowPageTrace [ RunTime:0.000231s ]
INFO: [ app_end ] --END-- [ RunTime:0.000542s ]

[ 2016-03-27T00:17:44+08:00 ] ::1 /its/
INFO: [ app_init ] --START--
INFO: [ app_init ] --END-- [ RunTime:0.000741s ]
INFO: [ app_begin ] --START--
INFO: Run Behavior\ReadHtmlCache [ RunTime:0.000281s ]
INFO: [ app_begin ] --END-- [ RunTime:0.000860s ]
INFO: [ action_begin ] --START--
INFO: [ action_begin ] --END-- [ RunTime:0.000202s ]
INFO: [ view_begin ] --START--
INFO: [ view_begin ] --END-- [ RunTime:0.000149s ]
INFO: [ view_parse ] --START--
INFO: [ template_filter ] --START--
INFO: Run Behavior\ContentReplace [ RunTime:0.000256s ]
INFO: [ template_filter ] --END-- [ RunTime:0.000599s ]
NOTIC: [8] Undefined index: error D:\wamp\www\its\Runtime\Cache\Home\50690c813986d244f054664065d244a0.php 第 41 行.
INFO: Run Behavior\ParseTemplate [ RunTime:0.034622s ]
INFO: [ view_parse ] --END-- [ RunTime:0.034953s ]
INFO: [ view_filter ] --START--
INFO: Run Behavior\WriteHtmlCache [ RunTime:0.000079s ]
INFO: [ view_filter ] --END-- [ RunTime:0.000384s ]
INFO: [ view_end ] --START--
INFO: [ view_end ] --END-- [ RunTime:0.000141s ]
INFO: [ app_end ] --START--
INFO: Run Behavior\ShowPageTrace [ RunTime:0.000225s ]
INFO: [ app_end ] --END-- [ RunTime:0.000619s ]

[ 2016-03-27T00:17:53+08:00 ] ::1 /its/index.php/Home/Index/login
INFO: [ app_init ] --START--
INFO: [ app_init ] --END-- [ RunTime:0.000804s ]
INFO: [ path_info ] --START--
INFO: [ path_info ] --END-- [ RunTime:0.000192s ]
INFO: [ app_begin ] --START--
INFO: Run Behavior\ReadHtmlCache [ RunTime:0.000299s ]
INFO: [ app_begin ] --END-- [ RunTime:0.000653s ]
INFO: [ action_begin ] --START--
INFO: [ action_begin ] --END-- [ RunTime:0.000176s ]
SQL: SHOW COLUMNS FROM `its_user` [ RunTime:0.055592s ]
SQL: SELECT * FROM `its_user` WHERE ( user_code=20141002261 )  [ RunTime:0.054636s ]
SQL: UPDATE `its_user` SET `last_login_time`=1459009072 WHERE ( user_id=2 ) [ RunTime:0.835100s ]
NOTIC: [8] Undefined index: interface D:\wamp\www\its\Home\Controller\IndexController.class.php 第 29 行.

[ 2016-03-27T00:17:53+08:00 ] ::1 /its/index.php/Home/correct/index.html
INFO: [ app_init ] --START--
INFO: [ app_init ] --END-- [ RunTime:0.000738s ]
INFO: [ path_info ] --START--
INFO: [ path_info ] --END-- [ RunTime:0.000151s ]
INFO: [ app_begin ] --START--
INFO: Run Behavior\ReadHtmlCache [ RunTime:0.000278s ]
INFO: [ app_begin ] --END-- [ RunTime:0.000618s ]
INFO: [ action_begin ] --START--
INFO: [ action_begin ] --END-- [ RunTime:0.000169s ]
INFO: [ view_begin ] --START--
INFO: [ view_begin ] --END-- [ RunTime:0.000151s ]
INFO: [ view_parse ] --START--
INFO: [ template_filter ] --START--
INFO: Run Behavior\ContentReplace [ RunTime:0.000283s ]
INFO: [ template_filter ] --END-- [ RunTime:0.000650s ]
INFO: Run Behavior\ParseTemplate [ RunTime:0.040048s ]
INFO: [ view_parse ] --END-- [ RunTime:0.040437s ]
INFO: [ view_filter ] --START--
INFO: Run Behavior\WriteHtmlCache [ RunTime:0.000084s ]
INFO: [ view_filter ] --END-- [ RunTime:0.000412s ]
INFO: [ view_end ] --START--
INFO: [ view_end ] --END-- [ RunTime:0.000150s ]
INFO: [ app_end ] --START--
INFO: Run Behavior\ShowPageTrace [ RunTime:0.000222s ]
INFO: [ app_end ] --END-- [ RunTime:0.000527s ]

[ 2016-03-27T00:17:56+08:00 ] ::1 /its/index.php/Home/correct/correctIndex
INFO: [ app_init ] --START--
INFO: [ app_init ] --END-- [ RunTime:0.000758s ]
INFO: [ path_info ] --START--
INFO: [ path_info ] --END-- [ RunTime:0.000158s ]
INFO: [ app_begin ] --START--
INFO: Run Behavior\ReadHtmlCache [ RunTime:0.000283s ]
INFO: [ app_begin ] --END-- [ RunTime:0.000630s ]
INFO: [ action_begin ] --START--
INFO: [ action_begin ] --END-- [ RunTime:0.000177s ]
SQL: SHOW COLUMNS FROM `its_class` [ RunTime:0.011093s ]
SQL: SHOW COLUMNS FROM `its_manage_class` [ RunTime:0.010246s ]
SQL: SELECT * FROM `its_manage_class` WHERE ( user_id=2 ) ORDER BY class_id  [ RunTime:0.001791s ]
SQL: select c.class_id,c.class_name,i.institute_name from its_class as c,its_institute as i where i.institute_id=c.institute_id and c.class_id=1 [ RunTime:0.000870s ]
SQL: select c.class_id,c.class_name,i.institute_name from its_class as c,its_institute as i where i.institute_id=c.institute_id and c.class_id=2 [ RunTime:0.000539s ]
INFO: [ view_begin ] --START--
INFO: [ view_begin ] --END-- [ RunTime:0.000149s ]
INFO: [ view_parse ] --START--
INFO: [ template_filter ] --START--
INFO: Run Behavior\ContentReplace [ RunTime:0.000280s ]
INFO: [ template_filter ] --END-- [ RunTime:0.000634s ]
NOTIC: [8] Undefined variable: type_id D:\wamp\www\its\Runtime\Cache\Home\e1e073cdacd00cfd5e09703de3a21076.php 第 54 行.
NOTIC: [8] Undefined variable: text_id D:\wamp\www\its\Runtime\Cache\Home\e1e073cdacd00cfd5e09703de3a21076.php 第 54 行.
NOTIC: [8] Undefined variable: type_id D:\wamp\www\its\Runtime\Cache\Home\e1e073cdacd00cfd5e09703de3a21076.php 第 54 行.
NOTIC: [8] Undefined variable: text_id D:\wamp\www\its\Runtime\Cache\Home\e1e073cdacd00cfd5e09703de3a21076.php 第 54 行.
INFO: Run Behavior\ParseTemplate [ RunTime:0.028725s ]
INFO: [ view_parse ] --END-- [ RunTime:0.029073s ]
INFO: [ view_filter ] --START--
INFO: Run Behavior\WriteHtmlCache [ RunTime:0.000106s ]
INFO: [ view_filter ] --END-- [ RunTime:0.000430s ]
INFO: [ view_end ] --START--
INFO: [ view_end ] --END-- [ RunTime:0.000150s ]
INFO: [ app_end ] --START--
INFO: Run Behavior\ShowPageTrace [ RunTime:0.000224s ]
INFO: [ app_end ] --END-- [ RunTime:0.000523s ]

[ 2016-03-27T00:17:57+08:00 ] ::1 /its/index.php/Home/correct/correctingList
INFO: [ app_init ] --START--
INFO: [ app_init ] --END-- [ RunTime:0.000741s ]
INFO: [ path_info ] --START--
INFO: [ path_info ] --END-- [ RunTime:0.000148s ]
INFO: [ app_begin ] --START--
INFO: Run Behavior\ReadHtmlCache [ RunTime:0.000281s ]
INFO: [ app_begin ] --END-- [ RunTime:0.000627s ]
INFO: [ action_begin ] --START--
INFO: [ action_begin ] --END-- [ RunTime:0.000217s ]
SQL: SHOW COLUMNS FROM `its_class` [ RunTime:0.008418s ]
SQL: SHOW COLUMNS FROM `its_manage_class` [ RunTime:0.007398s ]
SQL: SELECT * FROM `its_manage_class` WHERE ( user_id=2 ) ORDER BY class_id  [ RunTime:0.000607s ]
SQL: select c.class_id,c.class_name,i.institute_name from its_class as c,its_institute as i where i.institute_id=c.institute_id and c.class_id=1 [ RunTime:0.000481s ]
SQL: select c.class_id,c.class_name,i.institute_name from its_class as c,its_institute as i where i.institute_id=c.institute_id and c.class_id=2 [ RunTime:0.000451s ]
NOTIC: [8] Undefined index: class_id D:\wamp\www\its\Home\Controller\CorrectController.class.php 第 107 行.
SQL: SHOW COLUMNS FROM `its_text_grade` [ RunTime:0.007818s ]
SQL: select u.user_id,t.text_id,t.type_id,t.text_name,u.user_name,l.upload_time
from its_text as t,its_upload_text_list as l,its_user as u
where u.user_id=l.user_id and t.text_id=l.text_id and t.type_id=l.text_type_id and l.class_id=1 and is_pigai=0
order by l.upload_time desc [ RunTime:0.000870s ]
SQL: SHOW COLUMNS FROM `its_common` [ RunTime:0.010117s ]
ERR: 1146:Table 'its.its_common' doesn't exist
 [ SQL语句 ] : SHOW COLUMNS FROM `its_common`
INFO: [ view_begin ] --START--
INFO: [ view_begin ] --END-- [ RunTime:0.000150s ]
INFO: [ view_parse ] --START--
INFO: [ template_filter ] --START--
INFO: Run Behavior\ContentReplace [ RunTime:0.000252s ]
INFO: [ template_filter ] --END-- [ RunTime:0.000605s ]
NOTIC: [8] Undefined variable: class_id D:\wamp\www\its\Runtime\Cache\Home\588fbb106659e5c7cc258c36ebe9c020.php 第 62 行.
INFO: Run Behavior\ParseTemplate [ RunTime:0.021017s ]
INFO: [ view_parse ] --END-- [ RunTime:0.021337s ]
INFO: [ view_filter ] --START--
INFO: Run Behavior\WriteHtmlCache [ RunTime:0.000075s ]
INFO: [ view_filter ] --END-- [ RunTime:0.000376s ]
INFO: [ view_end ] --START--
INFO: [ view_end ] --END-- [ RunTime:0.000140s ]
INFO: [ app_end ] --START--
INFO: Run Behavior\ShowPageTrace [ RunTime:0.000221s ]
INFO: [ app_end ] --END-- [ RunTime:0.000540s ]

[ 2016-03-27T00:17:58+08:00 ] ::1 /its/index.php/Home/correct/evalChange?text_id=1&type_id=1&user_id=1&$upload_time=2016-03-26%2018:35:41&class_id=
INFO: [ app_init ] --START--
INFO: [ app_init ] --END-- [ RunTime:0.000834s ]
INFO: [ path_info ] --START--
INFO: [ path_info ] --END-- [ RunTime:0.000149s ]
INFO: [ app_begin ] --START--
INFO: Run Behavior\ReadHtmlCache [ RunTime:0.000283s ]
INFO: [ app_begin ] --END-- [ RunTime:0.000622s ]
INFO: [ action_begin ] --START--
INFO: [ action_begin ] --END-- [ RunTime:0.000163s ]
NOTIC: [8] Undefined index: last_text D:\wamp\www\its\Home\Controller\CorrectController.class.php 第 123 行.
NOTIC: [8] Undefined index: next_text D:\wamp\www\its\Home\Controller\CorrectController.class.php 第 124 行.
INFO: [ app_end ] --START--
INFO: Run Behavior\ShowPageTrace [ RunTime:0.000218s ]
INFO: [ app_end ] --END-- [ RunTime:0.000514s ]

[ 2016-03-27T00:17:59+08:00 ] ::1 /its/index.php/Home/correct/evalGradeIndex?text_id=1&type_id=1&user_id=1&class_id=
INFO: [ app_init ] --START--
INFO: [ app_init ] --END-- [ RunTime:0.000771s ]
INFO: [ path_info ] --START--
INFO: [ path_info ] --END-- [ RunTime:0.000158s ]
INFO: [ app_begin ] --START--
INFO: Run Behavior\ReadHtmlCache [ RunTime:0.000286s ]
INFO: [ app_begin ] --END-- [ RunTime:0.000630s ]
INFO: [ action_begin ] --START--
INFO: [ action_begin ] --END-- [ RunTime:0.000171s ]
NOTIC: [8] Undefined index: upload_time D:\wamp\www\its\Home\Controller\CorrectController.class.php 第 133 行.
NOTIC: [8] Undefined index: upload_time D:\wamp\www\its\Home\Controller\CorrectController.class.php 第 134 行.
SQL: SHOW COLUMNS FROM `its_text_grade` [ RunTime:0.008926s ]
SQL: SHOW COLUMNS FROM `its_upload_text_list` [ RunTime:0.008685s ]
SQL: SELECT * FROM `its_upload_text_list` WHERE ( text_type_id=1 and text_id=1 and user_id=1 and upload_time= )  [ RunTime:0.000440s ]
ERR: 1064:You have an error in your SQL syntax; check the manual that corresponds to your MySQL server version for the right syntax to use near ')' at line 1
 [ SQL语句 ] : SELECT * FROM `its_upload_text_list` WHERE ( text_type_id=1 and text_id=1 and user_id=1 and upload_time= ) 
SQL: select u.user_id,t.text_id,t.type_id,t.text_name,u.user_name,l.upload_time
from its_text as t,its_upload_text_list as l,its_user as u
where u.user_id=l.user_id and t.text_id=l.text_id and t.type_id=l.text_type_id and l.class_id= and is_pigai=0
order by l.upload_time desc [ RunTime:0.000493s ]
ERR: 1064:You have an error in your SQL syntax; check the manual that corresponds to your MySQL server version for the right syntax to use near 'and is_pigai=0
order by l.upload_time desc' at line 3
 [ SQL语句 ] : select u.user_id,t.text_id,t.type_id,t.text_name,u.user_name,l.upload_time
from its_text as t,its_upload_text_list as l,its_user as u
where u.user_id=l.user_id and t.text_id=l.text_id and t.type_id=l.text_type_id and l.class_id= and is_pigai=0
order by l.upload_time desc
SQL: SHOW COLUMNS FROM `its_common` [ RunTime:0.008203s ]
ERR: 1146:Table 'its.its_common' doesn't exist
 [ SQL语句 ] : SHOW COLUMNS FROM `its_common`
INFO: [ view_begin ] --START--
INFO: [ view_begin ] --END-- [ RunTime:0.000253s ]
INFO: [ view_parse ] --START--
INFO: [ template_filter ] --START--
INFO: Run Behavior\ContentReplace [ RunTime:0.000270s ]
INFO: [ template_filter ] --END-- [ RunTime:0.000625s ]
INFO: Run Behavior\ParseTemplate [ RunTime:0.020199s ]
INFO: [ view_parse ] --END-- [ RunTime:0.020657s ]
INFO: [ view_filter ] --START--
INFO: Run Behavior\WriteHtmlCache [ RunTime:0.000081s ]
INFO: [ view_filter ] --END-- [ RunTime:0.000391s ]
INFO: [ view_end ] --START--
INFO: [ view_end ] --END-- [ RunTime:0.000145s ]
INFO: [ app_end ] --START--
INFO: Run Behavior\ShowPageTrace [ RunTime:0.000225s ]
INFO: [ app_end ] --END-- [ RunTime:0.000524s ]

