[ 2016-03-06T00:48:35+08:00 ] ::1 /its/index.php/Home/movie/css/bootstrap.min.css
ERR: 非法操作:css

[ 2016-03-06T00:49:51+08:00 ] ::1 /its/index.php/Home/movie/css/bootstrap.min.css
ERR: 非法操作:css

[ 2016-03-06T00:50:15+08:00 ] ::1 /its/index.php/Home/movie/css/bootstrap.min.css
ERR: 非法操作:css

[ 2016-03-06T00:50:47+08:00 ] ::1 /its/index.php/Home/movie/css/bootstrap.min.css
ERR: 非法操作:css

[ 2016-03-06T00:51:17+08:00 ] ::1 /its/index.php/Home/movie/css/bootstrap.min.css
ERR: 非法操作:css

[ 2016-03-06T00:55:05+08:00 ] ::1 /its/index.php/Home/movie/css/bootstrap.min.css
ERR: 非法操作:css

[ 2016-03-06T00:55:47+08:00 ] ::1 /its/index.php/Home/movie/css/bootstrap.min.css
ERR: 非法操作:css

[ 2016-03-06T00:56:17+08:00 ] ::1 /its/index.php/Home/movie/css/bootstrap.min.css
ERR: 非法操作:css

[ 2016-03-06T01:05:20+08:00 ] ::1 /its/index.php/Home/tone/gradeResultTone
ERR: Think\Controller:gradeMovieClass方法不存在！

[ 2016-03-06T01:06:28+08:00 ] ::1 /its/index.php/Home/tone/gradeResultTone
ERR: Think\Controller:gradeMovieClass方法不存在！

[ 2016-03-06T01:09:08+08:00 ] ::1 /its/index.php/Home/tone/gradeResultTone
ERR: Think\Controller:gradeMovieClass方法不存在！

[ 2016-03-06T01:09:54+08:00 ] ::1 /its/index.php/Home/tone/gradeResultTone
ERR: Think\Controller:gradeMovieClass方法不存在！

[ 2016-03-06T01:20:56+08:00 ] ::1 /its/index.php/Home/tone/gradeResultMovie?course_id=1&sentence_id=1&class_id=1&flag=1
ERR: 非法操作:gradeResultMovie

[ 2016-03-06T01:40:08+08:00 ] ::1 /its/index.php/Home/tone/css/bootstrap.min.css
ERR: 非法操作:css

[ 2016-03-06T01:40:28+08:00 ] ::1 /its/index.php/Home/tone/css/bootstrap.min.css
ERR: 非法操作:css

[ 2016-03-06T01:41:42+08:00 ] ::1 /its/index.php/Home/tone/css/bootstrap.min.css
ERR: 非法操作:css

[ 2016-03-06T01:42:28+08:00 ] ::1 /its/index.php/Home/tone/css/bootstrap.min.css
ERR: 非法操作:css

[ 2016-03-06T01:43:44+08:00 ] ::1 /its/index.php/Home/tone/css/bootstrap.min.css
ERR: 非法操作:css

[ 2016-03-06T01:44:18+08:00 ] ::1 /its/index.php/Home/tone/css/bootstrap.min.css
ERR: 非法操作:css

[ 2016-03-06T01:55:18+08:00 ] ::1 /its/index.php/Home/text/gradeResultText
ERR: Think\Controller:gradeToneClass方法不存在！

[ 2016-03-06T01:55:46+08:00 ] ::1 /its/index.php/Home/text/gradeResultText
ERR: Think\Controller:gradeToneClass方法不存在！

[ 2016-03-06T02:09:51+08:00 ] ::1 /its/index.php/Home/text/css/bootstrap.min.css
ERR: 非法操作:css

[ 2016-03-06T16:43:03+08:00 ] ::1 /its/index.php/Home/Tone/css/bootstrap.min.css
ERR: 非法操作:css

[ 2016-03-06T16:43:04+08:00 ] ::1 /its/index.php/Home/Tone/css/play_and_record.css
ERR: 非法操作:css

[ 2016-03-06T16:43:04+08:00 ] ::1 /its/index.php/Home/Tone/js/jquery-1.12.0.min.js
ERR: 非法操作:js

[ 2016-03-06T16:43:04+08:00 ] ::1 /its/index.php/Home/Tone/js/audio.js
ERR: 非法操作:js

[ 2016-03-06T16:43:04+08:00 ] ::1 /its/index.php/Home/Tone/css/nav_style.css
ERR: 非法操作:css

[ 2016-03-06T16:43:04+08:00 ] ::1 /its/index.php/Home/Tone/js/recorder.js
ERR: 非法操作:js

[ 2016-03-06T16:43:04+08:00 ] ::1 /its/index.php/Home/Tone/js/main.js
ERR: 非法操作:js

[ 2016-03-06T16:43:04+08:00 ] ::1 /its/index.php/Home/Tone/js/jquery.js
ERR: 非法操作:js

[ 2016-03-06T16:43:04+08:00 ] ::1 /its/index.php/Home/Tone/js/belatedPNG.js
ERR: 非法操作:js

[ 2016-03-06T16:43:04+08:00 ] ::1 /its/index.php/Home/Tone/js/bootstrap.min.js
ERR: 非法操作:js

[ 2016-03-06T16:43:04+08:00 ] ::1 /its/index.php/Home/Tone/js/swfobject.js
ERR: 非法操作:js

[ 2016-03-06T16:43:04+08:00 ] ::1 /its/index.php/Home/Tone/%E5%BE%90%E4%BD%B3%E8%8E%B9%20-%20%E4%BF%AE%E7%82%BC%E7%88%B1%E6%83%85.mp3
ERR: 非法操作:徐佳莹 - 修炼爱情.mp3

[ 2016-03-06T16:45:54+08:00 ] ::1 /its/index.php/Home/Tone/js/belatedPNG.js
ERR: 非法操作:js

[ 2016-03-06T16:45:55+08:00 ] ::1 /its/index.php/Home/Tone/%E5%BE%90%E4%BD%B3%E8%8E%B9%20-%20%E4%BF%AE%E7%82%BC%E7%88%B1%E6%83%85.mp3
ERR: 非法操作:徐佳莹 - 修炼爱情.mp3

[ 2016-03-06T16:45:57+08:00 ] ::1 /its/index.php/Home/Tone/%E5%BE%90%E4%BD%B3%E8%8E%B9%20-%20%E4%BF%AE%E7%82%BC%E7%88%B1%E6%83%85.mp3
ERR: 非法操作:徐佳莹 - 修炼爱情.mp3

[ 2016-03-06T16:45:57+08:00 ] ::1 /its/index.php/Home/Tone/%E5%BE%90%E4%BD%B3%E8%8E%B9%20-%20%E4%BF%AE%E7%82%BC%E7%88%B1%E6%83%85.mp3
ERR: 非法操作:徐佳莹 - 修炼爱情.mp3

[ 2016-03-06T16:46:47+08:00 ] ::1 /its/index.php/Home/Tone/%E5%BE%90%E4%BD%B3%E8%8E%B9%20-%20%E4%BF%AE%E7%82%BC%E7%88%B1%E6%83%85.mp3
ERR: 非法操作:徐佳莹 - 修炼爱情.mp3

[ 2016-03-06T16:46:48+08:00 ] ::1 /its/index.php/Home/Tone/%E5%BE%90%E4%BD%B3%E8%8E%B9%20-%20%E4%BF%AE%E7%82%BC%E7%88%B1%E6%83%85.mp3
ERR: 非法操作:徐佳莹 - 修炼爱情.mp3

[ 2016-03-06T16:46:48+08:00 ] ::1 /its/index.php/Home/Tone/%E5%BE%90%E4%BD%B3%E8%8E%B9%20-%20%E4%BF%AE%E7%82%BC%E7%88%B1%E6%83%85.mp3
ERR: 非法操作:徐佳莹 - 修炼爱情.mp3

[ 2016-03-06T16:47:11+08:00 ] ::1 /its/index.php/Home/Tone/%E5%BE%90%E4%BD%B3%E8%8E%B9%20-%20%E4%BF%AE%E7%82%BC%E7%88%B1%E6%83%85.mp3
ERR: 非法操作:徐佳莹 - 修炼爱情.mp3

[ 2016-03-06T16:47:12+08:00 ] ::1 /its/index.php/Home/Tone/%E5%BE%90%E4%BD%B3%E8%8E%B9%20-%20%E4%BF%AE%E7%82%BC%E7%88%B1%E6%83%85.mp3
ERR: 非法操作:徐佳莹 - 修炼爱情.mp3

[ 2016-03-06T16:47:12+08:00 ] ::1 /its/index.php/Home/Tone/%E5%BE%90%E4%BD%B3%E8%8E%B9%20-%20%E4%BF%AE%E7%82%BC%E7%88%B1%E6%83%85.mp3
ERR: 非法操作:徐佳莹 - 修炼爱情.mp3

[ 2016-03-06T16:48:10+08:00 ] ::1 /its/index.php/Home/Tone/%E5%BE%90%E4%BD%B3%E8%8E%B9%20-%20%E4%BF%AE%E7%82%BC%E7%88%B1%E6%83%85.mp3
ERR: 非法操作:徐佳莹 - 修炼爱情.mp3

[ 2016-03-06T16:48:12+08:00 ] ::1 /its/index.php/Home/Tone/%E5%BE%90%E4%BD%B3%E8%8E%B9%20-%20%E4%BF%AE%E7%82%BC%E7%88%B1%E6%83%85.mp3
ERR: 非法操作:徐佳莹 - 修炼爱情.mp3

[ 2016-03-06T16:48:12+08:00 ] ::1 /its/index.php/Home/Tone/%E5%BE%90%E4%BD%B3%E8%8E%B9%20-%20%E4%BF%AE%E7%82%BC%E7%88%B1%E6%83%85.mp3
ERR: 非法操作:徐佳莹 - 修炼爱情.mp3

[ 2016-03-06T16:48:46+08:00 ] ::1 /its/index.php/Home/Tone/%E5%BE%90%E4%BD%B3%E8%8E%B9%20-%20%E4%BF%AE%E7%82%BC%E7%88%B1%E6%83%85.mp3
ERR: 非法操作:徐佳莹 - 修炼爱情.mp3

[ 2016-03-06T16:48:47+08:00 ] ::1 /its/index.php/Home/Tone/%E5%BE%90%E4%BD%B3%E8%8E%B9%20-%20%E4%BF%AE%E7%82%BC%E7%88%B1%E6%83%85.mp3
ERR: 非法操作:徐佳莹 - 修炼爱情.mp3

[ 2016-03-06T16:48:47+08:00 ] ::1 /its/index.php/Home/Tone/%E5%BE%90%E4%BD%B3%E8%8E%B9%20-%20%E4%BF%AE%E7%82%BC%E7%88%B1%E6%83%85.mp3
ERR: 非法操作:徐佳莹 - 修炼爱情.mp3

[ 2016-03-06T17:01:45+08:00 ] ::1 /its/index.php/Home/Tone/Public/Home/tone/record/01.wav
ERR: 非法操作:Public

[ 2016-03-06T17:01:46+08:00 ] ::1 /its/index.php/Home/Tone/Public/Home/tone/record/01.wav
ERR: 非法操作:Public

[ 2016-03-06T17:01:46+08:00 ] ::1 /its/index.php/Home/Tone/Public/Home/tone/record/01.wav
ERR: 非法操作:Public

[ 2016-03-06T17:02:01+08:00 ] ::1 /its/index.php/Home/Tone/Public/Home/tone/record/01.wav
ERR: 非法操作:Public

[ 2016-03-06T17:02:02+08:00 ] ::1 /its/index.php/Home/Tone/Public/Home/tone/record/01.wav
ERR: 非法操作:Public

[ 2016-03-06T17:02:02+08:00 ] ::1 /its/index.php/Home/Tone/Public/Home/tone/record/01.wav
ERR: 非法操作:Public

[ 2016-03-06T17:02:54+08:00 ] ::1 /its/index.php/Home/Tone/Public/Home/tone/record/01.wav
ERR: 非法操作:Public

[ 2016-03-06T17:02:55+08:00 ] ::1 /its/index.php/Home/Tone/Public/Home/tone/record/01.wav
ERR: 非法操作:Public

[ 2016-03-06T17:02:55+08:00 ] ::1 /its/index.php/Home/Tone/Public/Home/tone/record/01.wav
ERR: 非法操作:Public

[ 2016-03-06T17:03:05+08:00 ] ::1 /its/index.php/Home/Tone/Public/Home/tone/record/01.wav
ERR: 非法操作:Public

[ 2016-03-06T17:03:05+08:00 ] ::1 /its/index.php/Home/Tone/Public/Home/tone/record/01.wav
ERR: 非法操作:Public

[ 2016-03-06T17:03:05+08:00 ] ::1 /its/index.php/Home/Tone/Public/Home/tone/record/01.wav
ERR: 非法操作:Public

[ 2016-03-06T17:08:15+08:00 ] ::1 /its/index.php/Home/Tone/tone/index
ERR: 非法操作:tone

[ 2016-03-06T19:54:58+08:00 ] ::1 /its/index.php/Home/Tone/__MODULE_/text/index
ERR: 非法操作:__MODULE_

[ 2016-03-06T19:55:03+08:00 ] ::1 /its/index.php/Home/Tone/__MODULE_/text/index
ERR: 非法操作:__MODULE_

[ 2016-03-06T19:55:08+08:00 ] ::1 /its/index.php/Home/Tone/__MODULE_/text/index
ERR: 非法操作:__MODULE_

[ 2016-03-06T20:59:58+08:00 ] ::1 /its/index.php/Home/Text/movie/index
ERR: 非法操作:movie

[ 2016-03-06T21:00:06+08:00 ] ::1 /its/index.php/Home/Text/movie/index
ERR: 非法操作:movie

[ 2016-03-06T22:36:48+08:00 ] ::1 /its/index.php/Public/Home/movie/video/Happiness_panda.mp4
ERR: 无法加载控制器:Home

[ 2016-03-06T22:59:28+08:00 ] ::1 /its/index.php/Home/Tone/__MODULE_/text/index
ERR: 非法操作:__MODULE_

[ 2016-03-06T23:04:36+08:00 ] ::1 /its/index.php/Home/movie/css/bootstrap.min.css
ERR: 非法操作:css

[ 2016-03-06T23:05:11+08:00 ] ::1 /its/index.php/Home/tone/css/bootstrap.min.css
ERR: 非法操作:css

