[ 2016-03-07T18:56:40+08:00 ] ::1 /its/index.php/Home/movie/css/bootstrap.min.css
ERR: 非法操作:css

[ 2016-03-07T18:57:34+08:00 ] ::1 /its/index.php/Home/text/css/bootstrap.min.css
ERR: 非法操作:css

[ 2016-03-07T20:04:19+08:00 ] ::1 /its/
INFO: [ app_init ] --START--
INFO: [ app_init ] --END-- [ RunTime:0.000645s ]
INFO: [ app_begin ] --START--
INFO: Run Behavior\ReadHtmlCache [ RunTime:0.000262s ]
INFO: [ app_begin ] --END-- [ RunTime:0.000566s ]
INFO: [ action_begin ] --START--
INFO: [ action_begin ] --END-- [ RunTime:0.000169s ]
INFO: [ view_begin ] --START--
INFO: [ view_begin ] --END-- [ RunTime:0.000138s ]
INFO: [ view_parse ] --START--
INFO: [ template_filter ] --START--
INFO: Run Behavior\ContentReplace [ RunTime:0.000242s ]
INFO: [ template_filter ] --END-- [ RunTime:0.000580s ]
NOTIC: [8] Undefined index: error D:\wamp\www\its\Runtime\Cache\Home\50690c813986d244f054664065d244a0.php 第 41 行.
INFO: Run Behavior\ParseTemplate [ RunTime:0.021809s ]
INFO: [ view_parse ] --END-- [ RunTime:0.022117s ]
INFO: [ view_filter ] --START--
INFO: Run Behavior\WriteHtmlCache [ RunTime:0.000073s ]
INFO: [ view_filter ] --END-- [ RunTime:0.000365s ]
INFO: [ view_end ] --START--
INFO: [ view_end ] --END-- [ RunTime:0.000135s ]
INFO: [ app_end ] --START--
INFO: Run Behavior\ShowPageTrace [ RunTime:0.000217s ]
INFO: [ app_end ] --END-- [ RunTime:0.000517s ]

