[ 2016-01-20T21:50:05+08:00 ] ::1 /its/index.php/Home/movie/js/belatedPNG.js
ERR: 非法操作:js

[ 2016-01-20T21:50:05+08:00 ] ::1 /its/index.php/Home/movie/js/bootstrap.min.js
ERR: 非法操作:js

[ 2016-01-20T21:50:06+08:00 ] ::1 /its/index.php/Home/movie/js/jquery-1.12.0.min.js
ERR: 非法操作:js

[ 2016-01-20T21:50:06+08:00 ] ::1 /its/index.php/Home/movie/1.mp4
ERR: 非法操作:1.mp4

[ 2016-01-20T21:52:07+08:00 ] ::1 /its/index.php/Home/movie/js/belatedPNG.js
ERR: 非法操作:js

[ 2016-01-20T21:52:07+08:00 ] ::1 /its/index.php/Home/movie/js/bootstrap.min.js
ERR: 非法操作:js

[ 2016-01-20T21:52:07+08:00 ] ::1 /its/index.php/Home/movie/js/jquery-1.12.0.min.js
ERR: 非法操作:js

[ 2016-01-20T21:53:24+08:00 ] ::1 /its/index.php/Home/movie/js/belatedPNG.js
ERR: 非法操作:js

[ 2016-01-20T21:53:25+08:00 ] ::1 /its/index.php/Home/movie/js/jquery-1.12.0.min.js
ERR: 非法操作:js

[ 2016-01-20T21:53:25+08:00 ] ::1 /its/index.php/Home/movie/js/bootstrap.min.js
ERR: 非法操作:js

[ 2016-01-20T21:56:21+08:00 ] ::1 /its/index.php/Home/movie/js/belatedPNG.js
ERR: 非法操作:js

[ 2016-01-20T21:56:21+08:00 ] ::1 /its/index.php/Home/movie/js/jquery-1.12.0.min.js
ERR: 非法操作:js

[ 2016-01-20T21:56:21+08:00 ] ::1 /its/index.php/Home/movie/js/bootstrap.min.js
ERR: 非法操作:js

[ 2016-01-20T21:57:16+08:00 ] ::1 /its/index.php/Home/movie/js/belatedPNG.js
ERR: 非法操作:js

[ 2016-01-20T21:57:16+08:00 ] ::1 /its/index.php/Home/movie/js/bootstrap.min.js
ERR: 非法操作:js

[ 2016-01-20T21:57:16+08:00 ] ::1 /its/index.php/Home/movie/js/jquery-1.12.0.min.js
ERR: 非法操作:js

[ 2016-01-20T21:59:22+08:00 ] ::1 /its/index.php/Home/movie/js/belatedPNG.js
ERR: 非法操作:js

[ 2016-01-20T21:59:22+08:00 ] ::1 /its/index.php/Home/movie/js/jquery-1.12.0.min.js
ERR: 非法操作:js

[ 2016-01-20T21:59:22+08:00 ] ::1 /its/index.php/Home/movie/js/bootstrap.min.js
ERR: 非法操作:js

[ 2016-01-20T21:59:55+08:00 ] ::1 /its/index.php/Home/movie/js/jquery-1.12.0.min.js
ERR: 非法操作:js

[ 2016-01-20T21:59:55+08:00 ] ::1 /its/index.php/Home/movie/js/belatedPNG.js
ERR: 非法操作:js

[ 2016-01-20T21:59:55+08:00 ] ::1 /its/index.php/Home/movie/js/bootstrap.min.js
ERR: 非法操作:js

[ 2016-01-20T22:01:38+08:00 ] ::1 /its/index.php/Home/movie/js/belatedPNG.js
ERR: 非法操作:js

[ 2016-01-20T22:01:39+08:00 ] ::1 /its/index.php/Home/movie/js/jquery-1.12.0.min.js
ERR: 非法操作:js

[ 2016-01-20T22:01:39+08:00 ] ::1 /its/index.php/Home/movie/js/bootstrap.min.js
ERR: 非法操作:js

[ 2016-01-20T22:02:27+08:00 ] ::1 /its/index.php/Home/movie/js/belatedPNG.js
ERR: 非法操作:js

[ 2016-01-20T22:02:27+08:00 ] ::1 /its/index.php/Home/movie/js/jquery-1.12.0.min.js
ERR: 非法操作:js

[ 2016-01-20T22:02:27+08:00 ] ::1 /its/index.php/Home/movie/js/bootstrap.min.js
ERR: 非法操作:js

[ 2016-01-20T22:03:26+08:00 ] ::1 /its/index.php/Home/movie/js/bootstrap.min.js
ERR: 非法操作:js

[ 2016-01-20T22:03:26+08:00 ] ::1 /its/index.php/Home/movie/js/belatedPNG.js
ERR: 非法操作:js

[ 2016-01-20T22:03:26+08:00 ] ::1 /its/index.php/Home/movie/js/jquery-1.12.0.min.js
ERR: 非法操作:js

[ 2016-01-20T22:03:29+08:00 ] ::1 /its/index.php/Home/movie/js/jquery-1.12.0.min.js
ERR: 非法操作:js

[ 2016-01-20T22:03:29+08:00 ] ::1 /its/index.php/Home/movie/js/bootstrap.min.js
ERR: 非法操作:js

[ 2016-01-20T22:03:58+08:00 ] ::1 /its/index.php/Home/movie/js/jquery-1.12.0.min.js
ERR: 非法操作:js

[ 2016-01-20T22:03:58+08:00 ] ::1 /its/index.php/Home/movie/js/belatedPNG.js
ERR: 非法操作:js

[ 2016-01-20T22:03:58+08:00 ] ::1 /its/index.php/Home/movie/js/bootstrap.min.js
ERR: 非法操作:js

[ 2016-01-20T22:03:59+08:00 ] ::1 /its/index.php/Home/movie/js/jquery-1.12.0.min.js
ERR: 非法操作:js

[ 2016-01-20T22:03:59+08:00 ] ::1 /its/index.php/Home/movie/js/bootstrap.min.js
ERR: 非法操作:js

[ 2016-01-20T22:04:05+08:00 ] ::1 /its/index.php/Home/movie/js/belatedPNG.js
ERR: 非法操作:js

[ 2016-01-20T22:04:05+08:00 ] ::1 /its/index.php/Home/movie/js/bootstrap.min.js
ERR: 非法操作:js

[ 2016-01-20T22:04:05+08:00 ] ::1 /its/index.php/Home/movie/js/jquery-1.12.0.min.js
ERR: 非法操作:js

[ 2016-01-20T22:04:05+08:00 ] ::1 /its/index.php/Home/movie/js/jquery-1.12.0.min.js
ERR: 非法操作:js

[ 2016-01-20T22:04:06+08:00 ] ::1 /its/index.php/Home/movie/js/bootstrap.min.js
ERR: 非法操作:js

[ 2016-01-20T22:05:09+08:00 ] ::1 /its/index.php/Home/movie/js/belatedPNG.js
ERR: 非法操作:js

[ 2016-01-20T22:05:15+08:00 ] ::1 /its/index.php/Home/movie/js/belatedPNG.js
ERR: 非法操作:js

[ 2016-01-20T22:05:39+08:00 ] ::1 /its/index.php/Home/movie/js/belatedPNG.js
ERR: 非法操作:js

[ 2016-01-20T22:07:20+08:00 ] ::1 /its/index.php/Home/movie/js/belatedPNG.js
ERR: 非法操作:js

[ 2016-01-20T22:09:56+08:00 ] ::1 /its/index.php/Home/movie/css/bootstrap.min.css
ERR: 非法操作:css

[ 2016-01-20T22:09:56+08:00 ] ::1 /its/index.php/Home/movie/css/player_style.css
ERR: 非法操作:css

[ 2016-01-20T22:09:56+08:00 ] ::1 /its/index.php/Home/movie/assets/bootstrap/css/bootstrap.min.css
ERR: 非法操作:assets

[ 2016-01-20T22:09:56+08:00 ] ::1 /its/index.php/Home/movie/assets/css/video-default.css
ERR: 非法操作:assets

[ 2016-01-20T22:09:56+08:00 ] ::1 /its/index.php/Home/movie/css/choose_film_segment.css
ERR: 非法操作:css

[ 2016-01-20T22:09:56+08:00 ] ::1 /its/index.php/Home/movie/css/nav_style.css
ERR: 非法操作:css

[ 2016-01-20T22:09:56+08:00 ] ::1 /its/index.php/Home/movie/js/belatedPNG.js
ERR: 非法操作:js

[ 2016-01-20T22:09:56+08:00 ] ::1 /its/index.php/Home/movie/js/jquery-1.12.0.min.js
ERR: 非法操作:js

[ 2016-01-20T22:09:56+08:00 ] ::1 /its/index.php/Home/movie/js/bootstrap.min.js
ERR: 非法操作:js

[ 2016-01-20T22:09:56+08:00 ] ::1 /its/index.php/Home/movie/js/jquery.js
ERR: 非法操作:js

[ 2016-01-20T22:09:56+08:00 ] ::1 /its/index.php/Home/movie/assets/js/jquery.video-ui.js
ERR: 非法操作:assets

[ 2016-01-20T22:09:56+08:00 ] ::1 /its/index.php/Home/movie/js/main.js
ERR: 非法操作:js

[ 2016-01-20T22:09:56+08:00 ] ::1 /its/index.php/Home/movie/assets/js/jquery-1.8.1.min.js
ERR: 非法操作:assets

[ 2016-01-20T22:09:56+08:00 ] ::1 /its/index.php/Home/movie/1.mp4
ERR: 非法操作:1.mp4

[ 2016-01-20T22:10:07+08:00 ] ::1 /its/index.php/Home/movie/css/bootstrap.min.css
ERR: 非法操作:css

[ 2016-01-20T22:10:07+08:00 ] ::1 /its/index.php/Home/movie/js/belatedPNG.js
ERR: 非法操作:js

[ 2016-01-20T22:10:07+08:00 ] ::1 /its/index.php/Home/movie/assets/css/video-default.css
ERR: 非法操作:assets

[ 2016-01-20T22:10:07+08:00 ] ::1 /its/index.php/Home/movie/js/jquery-1.12.0.min.js
ERR: 非法操作:js

[ 2016-01-20T22:10:07+08:00 ] ::1 /its/index.php/Home/movie/js/bootstrap.min.js
ERR: 非法操作:js

[ 2016-01-20T22:10:08+08:00 ] ::1 /its/index.php/Home/movie/assets/bootstrap/css/bootstrap.min.css
ERR: 非法操作:assets

[ 2016-01-20T22:10:08+08:00 ] ::1 /its/index.php/Home/movie/js/jquery.js
ERR: 非法操作:js

[ 2016-01-20T22:10:08+08:00 ] ::1 /its/index.php/Home/movie/js/main.js
ERR: 非法操作:js

[ 2016-01-20T22:10:08+08:00 ] ::1 /its/index.php/Home/movie/css/nav_style.css
ERR: 非法操作:css

[ 2016-01-20T22:10:08+08:00 ] ::1 /its/index.php/Home/movie/css/choose_film_segment.css
ERR: 非法操作:css

[ 2016-01-20T22:10:08+08:00 ] ::1 /its/index.php/Home/movie/css/player_style.css
ERR: 非法操作:css

[ 2016-01-20T22:10:08+08:00 ] ::1 /its/index.php/Home/movie/assets/js/jquery-1.8.1.min.js
ERR: 非法操作:assets

[ 2016-01-20T22:10:08+08:00 ] ::1 /its/index.php/Home/movie/assets/js/jquery.video-ui.js
ERR: 非法操作:assets

[ 2016-01-20T22:10:08+08:00 ] ::1 /its/index.php/Home/movie/1.mp4
ERR: 非法操作:1.mp4

[ 2016-01-20T22:10:08+08:00 ] ::1 /its/index.php/Home/movie/js/jquery-1.12.0.min.js
ERR: 非法操作:js

[ 2016-01-20T22:10:08+08:00 ] ::1 /its/index.php/Home/movie/js/bootstrap.min.js
ERR: 非法操作:js

[ 2016-01-20T22:10:08+08:00 ] ::1 /its/index.php/Home/movie/js/jquery.js
ERR: 非法操作:js

[ 2016-01-20T22:10:09+08:00 ] ::1 /its/index.php/Home/movie/js/main.js
ERR: 非法操作:js

[ 2016-01-20T22:10:09+08:00 ] ::1 /its/index.php/Home/movie/assets/js/jquery-1.8.1.min.js
ERR: 非法操作:assets

[ 2016-01-20T22:10:09+08:00 ] ::1 /its/index.php/Home/movie/assets/js/jquery.video-ui.js
ERR: 非法操作:assets

[ 2016-01-20T22:10:37+08:00 ] ::1 /its/index.php/Home/movie/js/belatedPNG.js
ERR: 非法操作:js

[ 2016-01-20T22:10:52+08:00 ] ::1 /its/index.php/Home/movie/js/belatedPNG.js
ERR: 非法操作:js

[ 2016-01-20T22:10:58+08:00 ] ::1 /its/index.php/Home/movie/js/belatedPNG.js
ERR: 非法操作:js

[ 2016-01-20T22:11:01+08:00 ] ::1 /its/index.php/Home/movie/js/belatedPNG.js
ERR: 非法操作:js

[ 2016-01-20T22:11:27+08:00 ] ::1 /its/index.php/Home/movie/js/belatedPNG.js
ERR: 非法操作:js

[ 2016-01-20T22:13:28+08:00 ] ::1 /its/index.php/Home/movie/js/belatedPNG.js
ERR: 非法操作:js

[ 2016-01-20T22:13:32+08:00 ] ::1 /its/index.php/Home/movie/js/belatedPNG.js
ERR: 非法操作:js

[ 2016-01-20T22:13:49+08:00 ] ::1 /its/index.php/Home/movie/js/belatedPNG.js
ERR: 非法操作:js

[ 2016-01-20T22:15:35+08:00 ] ::1 /its/index.php/Home/movie/js/belatedPNG.js
ERR: 非法操作:js

[ 2016-01-20T22:15:38+08:00 ] ::1 /its/index.php/Home/movie/js/belatedPNG.js
ERR: 非法操作:js

[ 2016-01-20T22:18:48+08:00 ] ::1 /its/index.php/Home/movie/js/belatedPNG.js
ERR: 非法操作:js

[ 2016-01-20T22:18:57+08:00 ] ::1 /its/index.php/Home/movie/js/belatedPNG.js
ERR: 非法操作:js

[ 2016-01-20T22:19:22+08:00 ] ::1 /its/index.php/Home/movie/js/belatedPNG.js
ERR: 非法操作:js

[ 2016-01-20T22:19:43+08:00 ] ::1 /its/index.php/Home/movie/js/belatedPNG.js
ERR: 非法操作:js

[ 2016-01-20T22:19:49+08:00 ] ::1 /its/index.php/Home/movie/js/belatedPNG.js
ERR: 非法操作:js

[ 2016-01-20T22:21:24+08:00 ] ::1 /its/index.php/Home/movie/js/belatedPNG.js
ERR: 非法操作:js

[ 2016-01-20T22:22:03+08:00 ] ::1 /its/index.php/Home/movie/js/belatedPNG.js
ERR: 非法操作:js

[ 2016-01-20T22:22:10+08:00 ] ::1 /its/index.php/Home/movie/js/belatedPNG.js
ERR: 非法操作:js

[ 2016-01-20T22:23:41+08:00 ] ::1 /its/index.php/Home/movie/js/belatedPNG.js
ERR: 非法操作:js

[ 2016-01-20T22:23:54+08:00 ] ::1 /its/index.php/Home/movie/js/belatedPNG.js
ERR: 非法操作:js

[ 2016-01-20T22:24:56+08:00 ] ::1 /its/index.php/Home/movie/js/belatedPNG.js
ERR: 非法操作:js

[ 2016-01-20T22:26:28+08:00 ] ::1 /its/index.php/Home/movie/js/belatedPNG.js
ERR: 非法操作:js

[ 2016-01-20T22:26:35+08:00 ] ::1 /its/index.php/Home/movie/js/belatedPNG.js
ERR: 非法操作:js

[ 2016-01-20T22:26:44+08:00 ] ::1 /its/index.php/Home/movie/js/belatedPNG.js
ERR: 非法操作:js

[ 2016-01-20T22:27:30+08:00 ] ::1 /its/index.php/Home/movie/js/belatedPNG.js
ERR: 非法操作:js

[ 2016-01-20T22:30:24+08:00 ] ::1 /its/index.php/Home/movie/js/belatedPNG.js
ERR: 非法操作:js

