[ 2016-01-15T15:54:05+08:00 ] ::1 /Ikh/
INFO: [ app_init ] --START--
INFO: [ app_init ] --END-- [ RunTime:0.000157s ]
INFO: [ app_begin ] --START--
INFO: Run Behavior\ReadHtmlCache [ RunTime:0.000267s ]
INFO: [ app_begin ] --END-- [ RunTime:0.000565s ]
INFO: [ action_begin ] --START--
INFO: [ action_begin ] --END-- [ RunTime:0.000149s ]
INFO: [ view_begin ] --START--
INFO: [ view_begin ] --END-- [ RunTime:0.000138s ]
INFO: [ view_parse ] --START--
INFO: [ template_filter ] --START--
INFO: Run Behavior\ContentReplace [ RunTime:0.000215s ]
INFO: [ template_filter ] --END-- [ RunTime:0.000533s ]
INFO: Run Behavior\ParseTemplate [ RunTime:0.033795s ]
INFO: [ view_parse ] --END-- [ RunTime:0.034210s ]
INFO: [ view_filter ] --START--
INFO: Run Behavior\WriteHtmlCache [ RunTime:0.000080s ]
INFO: [ view_filter ] --END-- [ RunTime:0.000378s ]
INFO: [ view_end ] --START--
INFO: [ view_end ] --END-- [ RunTime:0.000133s ]
INFO: [ app_end ] --START--
INFO: Run Behavior\ShowPageTrace [ RunTime:0.000215s ]
INFO: [ app_end ] --END-- [ RunTime:0.000502s ]

