[ 2016-03-01T10:10:07+08:00 ] ::1 /its/index.php/Home/Text/textList
ERR: Think\Model:hasFinished方法不存在！

[ 2016-03-01T10:46:21+08:00 ] ::1 /its/index.php/Home/Text/textList?type_id=1
ERR: 模板不存在:D:/wamp/www/its/Home/View/Text/textList.html

[ 2016-03-01T11:52:32+08:00 ] ::1 /its/index.php/Home/Tone/senSelect?course_id=1&sentence_id=1
ERR: 模板不存在:D:/wamp/www/its/Home/View/Tone/senSelect.html

[ 2016-03-01T11:53:02+08:00 ] ::1 /its/index.php/Home/Tone/senSelect?course_id=1&sentence_id=1
ERR: 模板不存在:D:/wamp/www/its/Home/View/Tone/senSelect.html

[ 2016-03-01T11:56:40+08:00 ] ::1 /its/index.php/Home/Tone/test.mp3
ERR: 非法操作:test.mp3

[ 2016-03-01T15:24:58+08:00 ] ::1 /its/index.php/Home/Index/css/bootstrap.min.css
ERR: 非法操作:css

[ 2016-03-01T15:24:58+08:00 ] ::1 /its/index.php/Home/Index/css/te_index.css
ERR: 非法操作:css

[ 2016-03-01T15:24:58+08:00 ] ::1 /its/index.php/Home/Index/css/hamburgerMenu.css
ERR: 非法操作:css

[ 2016-03-01T15:24:58+08:00 ] ::1 /its/index.php/Home/Index/css/te_nav_style.css
ERR: 非法操作:css

[ 2016-03-01T15:24:58+08:00 ] ::1 /its/index.php/Home/Index/js/jquery-1.12.0.min.js
ERR: 非法操作:js

[ 2016-03-01T15:24:58+08:00 ] ::1 /its/index.php/Home/Index/js/jquery.js
ERR: 非法操作:js

[ 2016-03-01T15:24:58+08:00 ] ::1 /its/index.php/Home/Index/js/bootstrap.min.js
ERR: 非法操作:js

[ 2016-03-01T15:24:58+08:00 ] ::1 /its/index.php/Home/Index/js/hamburgerMenu.js
ERR: 非法操作:js

[ 2016-03-01T21:19:40+08:00 ] ::1 /its/index.php/Home/15.%E6%95%99%E5%B8%88%E7%AB%AF%E7%94%B5%E5%BD%B1%E6%83%85%E7%BB%AA/te_movie.html
ERR: 无法加载控制器:15.教师端电影情绪

[ 2016-03-01T22:36:15+08:00 ] ::1 /its/index.php/Home/tone/tone/indexTeacher
ERR: 非法操作:tone

[ 2016-03-01T22:36:22+08:00 ] ::1 /its/index.php/Home/tone/movie/indexTeacher
ERR: 非法操作:movie

