[ 2016-02-18T12:02:53+08:00 ] ::1 /its/index.php/Home/7.%E8%AF%AD%E9%9F%B3%E8%AF%AD%E8%B0%83%E9%80%89%E6%8B%A9%E8%AF%BE%E7%A8%8B/choose_course.html
ERR: 无法加载控制器:7.语音语调选择课程

[ 2016-02-18T12:03:01+08:00 ] ::1 /its/index.php/Home/7.%E8%AF%AD%E9%9F%B3%E8%AF%AD%E8%B0%83%E9%80%89%E6%8B%A9%E8%AF%BE%E7%A8%8B/choose_course.html
ERR: 无法加载控制器:7.语音语调选择课程

[ 2016-02-18T12:04:51+08:00 ] ::1 /its/index.php/Home/Tone/css/bootstrap.min.css
ERR: 非法操作:css

[ 2016-02-18T12:04:51+08:00 ] ::1 /its/index.php/Home/Tone/css/nav_style.css
ERR: 非法操作:css

[ 2016-02-18T12:04:51+08:00 ] ::1 /its/index.php/Home/Tone/css/choose_course.css
ERR: 非法操作:css

[ 2016-02-18T12:04:51+08:00 ] ::1 /its/index.php/Home/Tone/js/jquery-1.12.0.min.js
ERR: 非法操作:js

[ 2016-02-18T12:04:51+08:00 ] ::1 /its/index.php/Home/Tone/js/belatedPNG.js
ERR: 非法操作:js

[ 2016-02-18T12:04:51+08:00 ] ::1 /its/index.php/Home/Tone/js/jquery.js
ERR: 非法操作:js

[ 2016-02-18T12:04:51+08:00 ] ::1 /its/index.php/Home/Tone/js/jquery.marsonry.min.js
ERR: 非法操作:js

[ 2016-02-18T12:04:51+08:00 ] ::1 /its/index.php/Home/Tone/js/bootstrap.min.js
ERR: 非法操作:js

[ 2016-02-18T12:04:51+08:00 ] ::1 /its/index.php/Home/Tone/js/main.js
ERR: 非法操作:js

[ 2016-02-18T12:05:51+08:00 ] ::1 /its/index.php/Home/Tone/css/bootstrap.min.css
ERR: 非法操作:css

[ 2016-02-18T12:05:51+08:00 ] ::1 /its/index.php/Home/Tone/css/nav_style.css
ERR: 非法操作:css

[ 2016-02-18T12:05:51+08:00 ] ::1 /its/index.php/Home/Tone/js/bootstrap.min.js
ERR: 非法操作:js

[ 2016-02-18T12:05:51+08:00 ] ::1 /its/index.php/Home/Tone/js/jquery-1.12.0.min.js
ERR: 非法操作:js

[ 2016-02-18T12:05:51+08:00 ] ::1 /its/index.php/Home/Tone/js/jquery.js
ERR: 非法操作:js

[ 2016-02-18T12:05:51+08:00 ] ::1 /its/index.php/Home/Tone/js/belatedPNG.js
ERR: 非法操作:js

[ 2016-02-18T12:05:51+08:00 ] ::1 /its/index.php/Home/Tone/css/choose_course.css
ERR: 非法操作:css

[ 2016-02-18T12:05:51+08:00 ] ::1 /its/index.php/Home/Tone/js/main.js
ERR: 非法操作:js

[ 2016-02-18T12:05:51+08:00 ] ::1 /its/index.php/Home/Tone/js/jquery.marsonry.min.js
ERR: 非法操作:js

[ 2016-02-18T15:29:57+08:00 ] ::1 /its/index.php/Home/Text/index
ERR: 模板不存在:D:/wamp/www/its/Home/View/Text/index.html

[ 2016-02-18T16:26:23+08:00 ] ::1 /its/index.php/Home/Tone/senSelect
ERR: 模板不存在:D:/wamp/www/its/Home/View/Tone/senSelect.html

[ 2016-02-18T16:32:05+08:00 ] ::1 /its/index.php/Home/Text/TEXTcss/choose_passage.css
ERR: 非法操作:TEXTcss

[ 2016-02-18T16:32:05+08:00 ] ::1 /its/index.php/Home/Text/TEXTjs/main.js
ERR: 非法操作:TEXTjs

[ 2016-02-18T16:32:05+08:00 ] ::1 /its/index.php/Home/Text/js/belatedPNG.js
ERR: 非法操作:js

[ 2016-02-18T16:32:20+08:00 ] ::1 /its/index.php/Home/Text/TEXTcss/choose_passage.css
ERR: 非法操作:TEXTcss

[ 2016-02-18T16:33:11+08:00 ] ::1 /its/index.php/Home/Text/js/belatedPNG.js
ERR: 非法操作:js

[ 2016-02-18T16:42:55+08:00 ] ::1 /its/index.php/Home/Text/textList
ERR: Think\Model:hasFinished方法不存在！

[ 2016-02-18T16:43:06+08:00 ] ::1 /its/index.php/Home/Text/js/belatedPNG.js
ERR: 非法操作:js

[ 2016-02-18T16:43:06+08:00 ] ::1 /its/index.php/Home/Text/js/bootstrap.min.js
ERR: 非法操作:js

[ 2016-02-18T16:43:06+08:00 ] ::1 /its/index.php/Home/Text/js/jquery-1.12.0.min.js
ERR: 非法操作:js

[ 2016-02-18T16:43:06+08:00 ] ::1 /its/index.php/Home/Text/js/main.js
ERR: 非法操作:js

[ 2016-02-18T16:43:06+08:00 ] ::1 /its/index.php/Home/Text/js/jquery.js
ERR: 非法操作:js

[ 2016-02-18T16:43:06+08:00 ] ::1 /its/index.php/Home/Text/js/jquery.marsonry.min.js
ERR: 非法操作:js

[ 2016-02-18T16:43:33+08:00 ] ::1 /its/index.php/Home/Text/js/jquery-1.12.0.min.js
ERR: 非法操作:js

[ 2016-02-18T16:43:33+08:00 ] ::1 /its/index.php/Home/Text/js/belatedPNG.js
ERR: 非法操作:js

[ 2016-02-18T16:43:33+08:00 ] ::1 /its/index.php/Home/Text/js/jquery.js
ERR: 非法操作:js

[ 2016-02-18T16:43:33+08:00 ] ::1 /its/index.php/Home/Text/js/main.js
ERR: 非法操作:js

[ 2016-02-18T16:43:33+08:00 ] ::1 /its/index.php/Home/Text/js/jquery.marsonry.min.js
ERR: 非法操作:js

[ 2016-02-18T16:43:33+08:00 ] ::1 /its/index.php/Home/Text/js/bootstrap.min.js
ERR: 非法操作:js

[ 2016-02-18T16:43:41+08:00 ] ::1 /its/index.php/Home/Text/js/belatedPNG.js
ERR: 非法操作:js

[ 2016-02-18T16:43:41+08:00 ] ::1 /its/index.php/Home/Text/js/jquery-1.12.0.min.js
ERR: 非法操作:js

[ 2016-02-18T16:43:41+08:00 ] ::1 /its/index.php/Home/Text/js/bootstrap.min.js
ERR: 非法操作:js

[ 2016-02-18T16:43:41+08:00 ] ::1 /its/index.php/Home/Text/js/main.js
ERR: 非法操作:js

[ 2016-02-18T16:43:41+08:00 ] ::1 /its/index.php/Home/Text/js/jquery.js
ERR: 非法操作:js

[ 2016-02-18T16:43:41+08:00 ] ::1 /its/index.php/Home/Text/js/jquery.marsonry.min.js
ERR: 非法操作:js

[ 2016-02-18T16:43:44+08:00 ] ::1 /its/index.php/Home/Text/js/belatedPNG.js
ERR: 非法操作:js

[ 2016-02-18T16:43:44+08:00 ] ::1 /its/index.php/Home/Text/js/jquery.js
ERR: 非法操作:js

[ 2016-02-18T16:43:44+08:00 ] ::1 /its/index.php/Home/Text/js/jquery-1.12.0.min.js
ERR: 非法操作:js

[ 2016-02-18T16:43:44+08:00 ] ::1 /its/index.php/Home/Text/js/bootstrap.min.js
ERR: 非法操作:js

[ 2016-02-18T16:43:44+08:00 ] ::1 /its/index.php/Home/Text/js/main.js
ERR: 非法操作:js

[ 2016-02-18T16:43:44+08:00 ] ::1 /its/index.php/Home/Text/js/jquery.marsonry.min.js
ERR: 非法操作:js

[ 2016-02-18T16:44:38+08:00 ] ::1 /its/index.php/Home/Text//its/Public/Home/js/jquery-1.11.2.min.js
ERR: 非法操作:its

[ 2016-02-18T16:44:38+08:00 ] ::1 /its/index.php/Home/Text//its/Public/Home/js/bootstrap.min.js
ERR: 非法操作:its

[ 2016-02-18T16:44:38+08:00 ] ::1 /its/index.php/Home/Text//its/Public/Home/js/jquery.js
ERR: 非法操作:its

[ 2016-02-18T16:44:38+08:00 ] ::1 /its/index.php/Home/Text//its/Public/Home/js/jquery.masonry.min.js
ERR: 非法操作:its

[ 2016-02-18T16:44:38+08:00 ] ::1 /its/index.php/Home/Text//its/Public/Home/text/main.js
ERR: 非法操作:its

[ 2016-02-18T16:44:55+08:00 ] ::1 /its/index.php/Home/Text//its/Public/Home/js/bootstrap.min.js
ERR: 非法操作:its

[ 2016-02-18T16:44:56+08:00 ] ::1 /its/index.php/Home/Text//its/Public/Home/js/jquery.js
ERR: 非法操作:its

[ 2016-02-18T16:44:56+08:00 ] ::1 /its/index.php/Home/Text//its/Public/Home/js/jquery-1.11.2.min.js
ERR: 非法操作:its

[ 2016-02-18T16:44:56+08:00 ] ::1 /its/index.php/Home/Text//its/Public/Home/js/jquery.masonry.min.js
ERR: 非法操作:its

[ 2016-02-18T16:44:56+08:00 ] ::1 /its/index.php/Home/Text//its/Public/Home/text/main.js
ERR: 非法操作:its

[ 2016-02-18T16:45:05+08:00 ] ::1 /its/index.php/Home/Text//its/Public/Home/js/jquery-1.11.2.min.js
ERR: 非法操作:its

[ 2016-02-18T16:45:05+08:00 ] ::1 /its/index.php/Home/Text//its/Public/Home/js/bootstrap.min.js
ERR: 非法操作:its

[ 2016-02-18T16:45:05+08:00 ] ::1 /its/index.php/Home/Text//its/Public/Home/js/jquery.masonry.min.js
ERR: 非法操作:its

[ 2016-02-18T16:45:05+08:00 ] ::1 /its/index.php/Home/Text//its/Public/Home/text/main.js
ERR: 非法操作:its

[ 2016-02-18T16:45:05+08:00 ] ::1 /its/index.php/Home/Text//its/Public/Home/js/jquery.js
ERR: 非法操作:its

[ 2016-02-18T16:45:11+08:00 ] ::1 /its/index.php/Home/Text//its/Public/Home/js/jquery-1.11.2.min.js
ERR: 非法操作:its

[ 2016-02-18T16:45:11+08:00 ] ::1 /its/index.php/Home/Text//its/Public/Home/js/bootstrap.min.js
ERR: 非法操作:its

[ 2016-02-18T16:45:11+08:00 ] ::1 /its/index.php/Home/Text//its/Public/Home/js/jquery.js
ERR: 非法操作:its

[ 2016-02-18T16:45:11+08:00 ] ::1 /its/index.php/Home/Text//its/Public/Home/text/main.js
ERR: 非法操作:its

[ 2016-02-18T16:45:11+08:00 ] ::1 /its/index.php/Home/Text//its/Public/Home/js/jquery.masonry.min.js
ERR: 非法操作:its

[ 2016-02-18T16:45:23+08:00 ] ::1 /its/index.php/Home/Text//its/Public/Home/js/bootstrap.min.js
ERR: 非法操作:its

[ 2016-02-18T16:45:23+08:00 ] ::1 /its/index.php/Home/Text//its/Public/Home/js/jquery.js
ERR: 非法操作:its

[ 2016-02-18T16:45:23+08:00 ] ::1 /its/index.php/Home/Text//its/Public/Home/js/jquery.masonry.min.js
ERR: 非法操作:its

[ 2016-02-18T16:45:23+08:00 ] ::1 /its/index.php/Home/Text//its/Public/Home/text/main.js
ERR: 非法操作:its

[ 2016-02-18T16:45:23+08:00 ] ::1 /its/index.php/Home/Text//its/Public/Home/js/jquery-1.11.2.min.js
ERR: 非法操作:its

