[ 2016-03-02T21:11:30+08:00 ] ::1 /its/index.php/Home/movie/showMovieTeacher?movie_id=1&emotion_id=1
ERR: 模板不存在:D:/wamp/www/its/Home/View/movie/showMovieTeacher.html

[ 2016-03-02T21:12:53+08:00 ] ::1 /its/index.php/Home/movie/showMovieTeacher?movie_id=1&emotion_id=1
ERR: 模板不存在:D:/wamp/www/its/Home/View/movie/showMovieTeacher.html

[ 2016-03-02T21:13:00+08:00 ] ::1 /its/index.php/Home/movie/showMovieTeacher?movie_id=1&emotion_id=1
ERR: 模板不存在:D:/wamp/www/its/Home/View/movie/showMovieTeacher.html

[ 2016-03-02T21:13:01+08:00 ] ::1 /its/index.php/Home/movie/showMovieTeacher?movie_id=1&emotion_id=1
ERR: 模板不存在:D:/wamp/www/its/Home/View/movie/showMovieTeacher.html

[ 2016-03-02T21:46:37+08:00 ] ::1 /its/index.php/Home/correct/css/bootstrap.min.css
ERR: 非法操作:css

[ 2016-03-02T21:46:37+08:00 ] ::1 /its/index.php/Home/correct/css/te_homework_correcting.css
ERR: 非法操作:css

[ 2016-03-02T21:46:37+08:00 ] ::1 /its/index.php/Home/correct/js/bootstrap.min.js
ERR: 非法操作:js

[ 2016-03-02T21:46:37+08:00 ] ::1 /its/index.php/Home/correct/js/jquery.js
ERR: 非法操作:js

[ 2016-03-02T21:46:37+08:00 ] ::1 /its/index.php/Home/correct/css/te_nav_style.css
ERR: 非法操作:css

[ 2016-03-02T21:46:37+08:00 ] ::1 /its/index.php/Home/correct/js/jquery-1.12.0.min.js
ERR: 非法操作:js

[ 2016-03-02T21:46:38+08:00 ] ::1 /its/index.php/Home/correct/css/bootstrap.min.css
ERR: 非法操作:css

[ 2016-03-02T21:47:49+08:00 ] ::1 /its/index.php/Home/correct/css/bootstrap.min.css
ERR: 非法操作:css

[ 2016-03-02T21:48:02+08:00 ] ::1 /its/index.php/Home/correct/css/bootstrap.min.css
ERR: 非法操作:css

[ 2016-03-02T21:48:12+08:00 ] ::1 /its/index.php/Home/correct/css/bootstrap.min.css
ERR: 非法操作:css

[ 2016-03-02T21:49:24+08:00 ] ::1 /its/index.php/Home/correct/css/bootstrap.min.css
ERR: 非法操作:css

[ 2016-03-02T22:02:54+08:00 ] ::1 /its/index.php/Home/test
ERR: 无法加载控制器:test

